;  LST file generated by mikroListExporter - v.2.0 
; Date/Time: 9/15/2022 10:48:57 PM
;----------------------------------------------

;Address Opcode 	ASM
0x0000	0x28AB      	GOTO       171
_Div_16x16_S_L:
;__Lib_Math.c,421 :: 		
;__Lib_Math.c,427 :: 		
0x0003	0x0D71      	RLF        R1, 0
;__Lib_Math.c,428 :: 		
0x0004	0x0DF8      	RLF        R8, 1
;__Lib_Math.c,429 :: 		
0x0005	0x0DF9      	RLF        R9, 1
;__Lib_Math.c,430 :: 		
0x0006	0x0874      	MOVF       R4, 0
;__Lib_Math.c,431 :: 		
0x0007	0x02F8      	SUBWF      R8, 1
;__Lib_Math.c,432 :: 		
0x0008	0x0875      	MOVF       R5, 0
;__Lib_Math.c,433 :: 		
0x0009	0x1C03      	BTFSS      STATUS, 0
;__Lib_Math.c,434 :: 		
0x000A	0x0F75      	INCFSZ     R5, 0
;__Lib_Math.c,435 :: 		
0x000B	0x02F9      	SUBWF      R9, 1
;__Lib_Math.c,436 :: 		
0x000C	0x0DF0      	RLF        R0, 1
;__Lib_Math.c,437 :: 		
0x000D	0x0DF1      	RLF        R1, 1
;__Lib_Math.c,439 :: 		
0x000E	0x300F      	MOVLW      15
;__Lib_Math.c,440 :: 		
0x000F	0x00FC      	MOVWF      R12
;__Lib_Math.c,442 :: 		
0x0010	0x0D71      	RLF        R1, 0
;__Lib_Math.c,443 :: 		
0x0011	0x0DF8      	RLF        R8, 1
;__Lib_Math.c,444 :: 		
0x0012	0x0DF9      	RLF        R9, 1
;__Lib_Math.c,445 :: 		
0x0013	0x0874      	MOVF       R4, 0
;__Lib_Math.c,447 :: 		
0x0014	0x1C70      	BTFSS      R0, 0
;__Lib_Math.c,448 :: 		
0x0015	0x281C      	GOTO       $+7
;__Lib_Math.c,449 :: 		
0x0016	0x02F8      	SUBWF      R8, 1
;__Lib_Math.c,450 :: 		
0x0017	0x0875      	MOVF       R5, 0
;__Lib_Math.c,451 :: 		
0x0018	0x1C03      	BTFSS      STATUS, 0
;__Lib_Math.c,452 :: 		
0x0019	0x0F75      	INCFSZ     R5, 0
;__Lib_Math.c,453 :: 		
0x001A	0x02F9      	SUBWF      R9, 1
;__Lib_Math.c,454 :: 		
0x001B	0x2821      	GOTO       $+6
;__Lib_Math.c,456 :: 		
0x001C	0x07F8      	ADDWF      R8, 1
;__Lib_Math.c,457 :: 		
0x001D	0x0875      	MOVF       R5, 0
;__Lib_Math.c,458 :: 		
0x001E	0x1803      	BTFSC      STATUS, 0
;__Lib_Math.c,459 :: 		
0x001F	0x0F75      	INCFSZ     R5, 0
;__Lib_Math.c,460 :: 		
0x0020	0x07F9      	ADDWF      R9, 1
;__Lib_Math.c,462 :: 		
0x0021	0x0DF0      	RLF        R0, 1
;__Lib_Math.c,463 :: 		
0x0022	0x0DF1      	RLF        R1, 1
;__Lib_Math.c,465 :: 		
0x0023	0x0BFC      	DECFSZ     R12, 1
;__Lib_Math.c,466 :: 		
0x0024	0x2810      	GOTO       $-20
;__Lib_Math.c,468 :: 		
0x0025	0x1870      	BTFSC      R0, 0
;__Lib_Math.c,469 :: 		
0x0026	0x282D      	GOTO       $+7
;__Lib_Math.c,470 :: 		
0x0027	0x0874      	MOVF       R4, 0
;__Lib_Math.c,471 :: 		
0x0028	0x07F8      	ADDWF      R8, 1
;__Lib_Math.c,472 :: 		
0x0029	0x0875      	MOVF       R5, 0
;__Lib_Math.c,473 :: 		
0x002A	0x1803      	BTFSC      STATUS, 0
;__Lib_Math.c,474 :: 		
0x002B	0x0F75      	INCFSZ     R5, 0
;__Lib_Math.c,475 :: 		
0x002C	0x07F9      	ADDWF      R9, 1
;__Lib_Math.c,476 :: 		
0x002D	0x0000      	NOP
;__Lib_Math.c,478 :: 		
L_end_Div_16x16_S_L:
0x002E	0x0008      	RETURN
; end of _Div_16x16_S_L
_____DoICP:
;__Lib_System.c,6 :: 		
;__Lib_System.c,9 :: 		
0x002F	0x1283      	BCF        STATUS, 5
0x0030	0x1303      	BCF        STATUS, 6
0x0031	0x082B      	MOVF       ___DoICPAddr+1, 0
0x0032	0x008A      	MOVWF      PCLATH
;__Lib_System.c,10 :: 		
0x0033	0x082A      	MOVF       ___DoICPAddr, 0
0x0034	0x0082      	MOVWF      PCL
;__Lib_System.c,12 :: 		
L_end_____DoICP:
0x0035	0x0008      	RETURN
; end of _____DoICP
___CC2DW:
;__Lib_System.c,134 :: 		
;__Lib_System.c,137 :: 		
_CC2D_Loop1:
;__Lib_System.c,139 :: 		
0x0036	0x202F      	CALL       _____DoICP
0x0037	0x118A      	BCF        PCLATH, 3
0x0038	0x120A      	BCF        PCLATH, 4
;__Lib_System.c,141 :: 		
0x0039	0x0080      	MOVWF      INDF
;__Lib_System.c,142 :: 		
0x003A	0x0A84      	INCF       FSR, 1
;__Lib_System.c,143 :: 		
0x003B	0x0AAA      	INCF       ___DoICPAddr, 1
;__Lib_System.c,145 :: 		
0x003C	0x1903      	BTFSC      STATUS, 2
;__Lib_System.c,146 :: 		
0x003D	0x0AAB      	INCF       ___DoICPAddr+1, 1
;__Lib_System.c,147 :: 		
0x003E	0x03F0      	DECF       R0, 1
;__Lib_System.c,149 :: 		
0x003F	0x1D03      	BTFSS      STATUS, 2
;__Lib_System.c,150 :: 		
0x0040	0x2836      	GOTO       _CC2D_Loop1
;__Lib_System.c,152 :: 		
L_end___CC2DW:
0x0041	0x0008      	RETURN
; end of ___CC2DW
_Div_16x16_S:
;__Lib_Math.c,480 :: 		
;__Lib_Math.c,488 :: 		
0x0042	0x1283      	BCF        STATUS, 5
0x0043	0x1303      	BCF        STATUS, 6
0x0044	0x0874      	MOVF       R4, 0
0x0045	0x3A00      	XORLW      0
0x0046	0x1D03      	BTFSS      STATUS, 2
0x0047	0x2851      	GOTO       L_Div_16x16_S0
;__Lib_Math.c,489 :: 		
0x0048	0x0875      	MOVF       R5, 0
0x0049	0x3A00      	XORLW      0
0x004A	0x1D03      	BTFSS      STATUS, 2
0x004B	0x2851      	GOTO       L_Div_16x16_S1
;__Lib_Math.c,490 :: 		
0x004C	0x30FF      	MOVLW      255
0x004D	0x00F0      	MOVWF      R0
;__Lib_Math.c,491 :: 		
0x004E	0x307F      	MOVLW      127
0x004F	0x00F1      	MOVWF      R1
;__Lib_Math.c,492 :: 		
0x0050	0x28AA      	GOTO       L_end_Div_16x16_S
;__Lib_Math.c,493 :: 		
L_Div_16x16_S1:
L_Div_16x16_S0:
;__Lib_Math.c,496 :: 		
0x0051	0x1283      	BCF        STATUS, 5
;__Lib_Math.c,497 :: 		
0x0052	0x1303      	BCF        STATUS, 6
;__Lib_Math.c,498 :: 		
0x0053	0x01FD      	CLRF       R13
;__Lib_Math.c,499 :: 		
0x0054	0x01F9      	CLRF       R9
;__Lib_Math.c,500 :: 		
0x0055	0x01F8      	CLRF       R8
;__Lib_Math.c,501 :: 		
0x0056	0x0871      	MOVF       R1, 0
;__Lib_Math.c,502 :: 		
0x0057	0x0470      	IORWF      R0, 0
;__Lib_Math.c,503 :: 		
0x0058	0x1903      	BTFSC      STATUS, 2
;__Lib_Math.c,504 :: 		
0x0059	0x3400      	RETLW      0
;__Lib_Math.c,506 :: 		
0x005A	0x0871      	MOVF       R1, 0
;__Lib_Math.c,507 :: 		
0x005B	0x0675      	XORWF      R5, 0
;__Lib_Math.c,508 :: 		
0x005C	0x00FA      	MOVWF      R10
;__Lib_Math.c,509 :: 		
0x005D	0x1BFA      	BTFSC      R10, 7
;__Lib_Math.c,510 :: 		
0x005E	0x09FD      	COMF       R13, 1
;__Lib_Math.c,512 :: 		
0x005F	0x01FB      	CLRF       R11
;__Lib_Math.c,514 :: 		
0x0060	0x1FF5      	BTFSS      R5, 7
;__Lib_Math.c,515 :: 		
0x0061	0x2867      	GOTO       $+6
;__Lib_Math.c,517 :: 		
0x0062	0x09F4      	COMF       R4, 1
;__Lib_Math.c,518 :: 		
0x0063	0x09F5      	COMF       R5, 1
;__Lib_Math.c,519 :: 		
0x0064	0x0AF4      	INCF       R4, 1
;__Lib_Math.c,520 :: 		
0x0065	0x1903      	BTFSC      STATUS, 2
;__Lib_Math.c,521 :: 		
0x0066	0x0AF5      	INCF       R5, 1
;__Lib_Math.c,523 :: 		
0x0067	0x1FF1      	BTFSS      R1, 7
;__Lib_Math.c,524 :: 		
0x0068	0x286E      	GOTO       $+6
;__Lib_Math.c,526 :: 		
0x0069	0x09F0      	COMF       R0, 1
;__Lib_Math.c,527 :: 		
0x006A	0x09F1      	COMF       R1, 1
;__Lib_Math.c,528 :: 		
0x006B	0x0AF0      	INCF       R0, 1
;__Lib_Math.c,529 :: 		
0x006C	0x1903      	BTFSC      STATUS, 2
;__Lib_Math.c,530 :: 		
0x006D	0x0AF1      	INCF       R1, 1
;__Lib_Math.c,532 :: 		
0x006E	0x0871      	MOVF       R1, 0
;__Lib_Math.c,533 :: 		
0x006F	0x0475      	IORWF      R5, 0
;__Lib_Math.c,534 :: 		
0x0070	0x00FA      	MOVWF      R10
;__Lib_Math.c,535 :: 		
0x0071	0x1BFA      	BTFSC      R10, 7
;__Lib_Math.c,536 :: 		
0x0072	0x2883      	GOTO       $+17
;__Lib_Math.c,538 :: 		
0x0073	0x2003      	CALL       _Div_16x16_S_L
;__Lib_Math.c,540 :: 		
0x0074	0x187B      	BTFSC      R11, 0
;__Lib_Math.c,541 :: 		
0x0075	0x2896      	GOTO       $+33
;__Lib_Math.c,543 :: 		
0x0076	0x1FFD      	BTFSS      R13, 7
;__Lib_Math.c,544 :: 		
0x0077	0x3400      	RETLW      0
;__Lib_Math.c,546 :: 		
0x0078	0x09F0      	COMF       R0, 1
;__Lib_Math.c,547 :: 		
0x0079	0x09F1      	COMF       R1, 1
;__Lib_Math.c,548 :: 		
0x007A	0x0AF0      	INCF       R0, 1
;__Lib_Math.c,549 :: 		
0x007B	0x1903      	BTFSC      STATUS, 2
;__Lib_Math.c,550 :: 		
0x007C	0x0AF1      	INCF       R1, 1
;__Lib_Math.c,552 :: 		
0x007D	0x09F8      	COMF       R8, 1
;__Lib_Math.c,553 :: 		
0x007E	0x09F9      	COMF       R9, 1
;__Lib_Math.c,554 :: 		
0x007F	0x0AF8      	INCF       R8, 1
;__Lib_Math.c,555 :: 		
0x0080	0x1903      	BTFSC      STATUS, 2
;__Lib_Math.c,556 :: 		
0x0081	0x0AF9      	INCF       R9, 1
;__Lib_Math.c,558 :: 		
0x0082	0x3400      	RETLW      0
;__Lib_Math.c,560 :: 		
0x0083	0x1FF5      	BTFSS      R5, 7
;__Lib_Math.c,561 :: 		
0x0084	0x2892      	GOTO       $+14
;__Lib_Math.c,562 :: 		
0x0085	0x1BF1      	BTFSC      R1, 7
;__Lib_Math.c,563 :: 		
0x0086	0x288E      	GOTO       $+8
;__Lib_Math.c,564 :: 		
0x0087	0x0871      	MOVF       R1, 0
;__Lib_Math.c,565 :: 		
0x0088	0x00F9      	MOVWF      R9
;__Lib_Math.c,566 :: 		
0x0089	0x0870      	MOVF       R0, 0
;__Lib_Math.c,567 :: 		
0x008A	0x00F8      	MOVWF      R8
;__Lib_Math.c,568 :: 		
0x008B	0x01F1      	CLRF       R1
;__Lib_Math.c,569 :: 		
0x008C	0x01F0      	CLRF       R0
;__Lib_Math.c,570 :: 		
0x008D	0x2876      	GOTO       $-23
;__Lib_Math.c,571 :: 		
0x008E	0x01F1      	CLRF       R1
;__Lib_Math.c,572 :: 		
0x008F	0x01F0      	CLRF       R0
;__Lib_Math.c,573 :: 		
0x0090	0x0AF0      	INCF       R0, 1
;__Lib_Math.c,574 :: 		
0x0091	0x3400      	RETLW      0
;__Lib_Math.c,576 :: 		
0x0092	0x09F1      	COMF       R1, 1
;__Lib_Math.c,577 :: 		
0x0093	0x09F0      	COMF       R0, 1
;__Lib_Math.c,578 :: 		
0x0094	0x0AFB      	INCF       R11, 1
;__Lib_Math.c,579 :: 		
0x0095	0x2873      	GOTO       $-34
;__Lib_Math.c,581 :: 		
0x0096	0x0AF8      	INCF       R8, 1
;__Lib_Math.c,582 :: 		
0x0097	0x1903      	BTFSC      STATUS, 2
;__Lib_Math.c,583 :: 		
0x0098	0x0AF9      	INCF       R9, 1
;__Lib_Math.c,584 :: 		
0x0099	0x0874      	MOVF       R4, 0
;__Lib_Math.c,585 :: 		
0x009A	0x0278      	SUBWF      R8, 0
;__Lib_Math.c,586 :: 		
0x009B	0x1D03      	BTFSS      STATUS, 2
;__Lib_Math.c,587 :: 		
0x009C	0x2876      	GOTO       $-38
;__Lib_Math.c,588 :: 		
0x009D	0x0875      	MOVF       R5, 0
;__Lib_Math.c,589 :: 		
0x009E	0x0279      	SUBWF      R9, 0
;__Lib_Math.c,590 :: 		
0x009F	0x1D03      	BTFSS      STATUS, 2
;__Lib_Math.c,591 :: 		
0x00A0	0x2876      	GOTO       $-42
;__Lib_Math.c,592 :: 		
0x00A1	0x01F9      	CLRF       R9
;__Lib_Math.c,593 :: 		
0x00A2	0x01F8      	CLRF       R8
;__Lib_Math.c,594 :: 		
0x00A3	0x0AF0      	INCF       R0, 1
;__Lib_Math.c,595 :: 		
0x00A4	0x1903      	BTFSC      STATUS, 2
;__Lib_Math.c,596 :: 		
0x00A5	0x0AF1      	INCF       R1, 1
;__Lib_Math.c,597 :: 		
0x00A6	0x1FF1      	BTFSS      R1, 7
;__Lib_Math.c,598 :: 		
0x00A7	0x2876      	GOTO       $-49
;__Lib_Math.c,599 :: 		
0x00A8	0x0000      	NOP
;__Lib_Math.c,600 :: 		
0x00A9	0x34FF      	RETLW      255
;__Lib_Math.c,602 :: 		
L_end_Div_16x16_S:
0x00AA	0x0008      	RETURN
; end of _Div_16x16_S
_main:
0x00AB	0x30C0      	MOVLW      192
0x00AC	0x1283      	BCF        STATUS, 5
0x00AD	0x1303      	BCF        STATUS, 6
0x00AE	0x00A0      	MOVWF      _CA
0x00AF	0x30F9      	MOVLW      249
0x00B0	0x00A1      	MOVWF      33
0x00B1	0x30A4      	MOVLW      164
0x00B2	0x00A2      	MOVWF      34
0x00B3	0x30B0      	MOVLW      176
0x00B4	0x00A3      	MOVWF      35
0x00B5	0x3099      	MOVLW      153
0x00B6	0x00A4      	MOVWF      36
0x00B7	0x3092      	MOVLW      146
0x00B8	0x00A5      	MOVWF      37
0x00B9	0x3082      	MOVLW      130
0x00BA	0x00A6      	MOVWF      38
0x00BB	0x30F8      	MOVLW      248
0x00BC	0x00A7      	MOVWF      39
0x00BD	0x3080      	MOVLW      128
0x00BE	0x00A8      	MOVWF      40
0x00BF	0x3090      	MOVLW      144
0x00C0	0x00A9      	MOVWF      41
;Problem_1_code.c,3 :: 		void main() {
;Problem_1_code.c,4 :: 		int i=0,j,leftDigit,rightDigit,countP=0,countR=0,stage=0;
0x00C1	0x01B2      	CLRF       main_i_L0
0x00C2	0x01B3      	CLRF       main_i_L0+1
0x00C3	0x01B4      	CLRF       main_countP_L0
0x00C4	0x01B5      	CLRF       main_countP_L0+1
0x00C5	0x01B6      	CLRF       main_countR_L0
0x00C6	0x01B7      	CLRF       main_countR_L0+1
0x00C7	0x01B8      	CLRF       main_stage_L0
0x00C8	0x01B9      	CLRF       main_stage_L0+1
;Problem_1_code.c,5 :: 		TRISA=0x00;
0x00C9	0x1683      	BSF        STATUS, 5
0x00CA	0x0185      	CLRF       TRISA
;Problem_1_code.c,6 :: 		PORTA=0x00;
0x00CB	0x1283      	BCF        STATUS, 5
0x00CC	0x0185      	CLRF       PORTA
;Problem_1_code.c,7 :: 		TRISB=0x00;
0x00CD	0x1683      	BSF        STATUS, 5
0x00CE	0x0186      	CLRF       TRISB
;Problem_1_code.c,8 :: 		PORTB=0x00;
0x00CF	0x1283      	BCF        STATUS, 5
0x00D0	0x0186      	CLRF       PORTB
;Problem_1_code.c,9 :: 		TRISC=0xFF;
0x00D1	0x30FF      	MOVLW      255
0x00D2	0x1683      	BSF        STATUS, 5
0x00D3	0x0087      	MOVWF      TRISC
;Problem_1_code.c,10 :: 		TRISD.F0=0x00;
0x00D4	0x1008      	BCF        TRISD, 0
;Problem_1_code.c,11 :: 		TRISD.F1=0x00;
0x00D5	0x1088      	BCF        TRISD, 1
;Problem_1_code.c,12 :: 		TRISD.F6=0xff;
0x00D6	0x1708      	BSF        TRISD, 6
;Problem_1_code.c,13 :: 		TRISD.F7=0xff;
0x00D7	0x1788      	BSF        TRISD, 7
;Problem_1_code.c,14 :: 		PORTD=0x00;
0x00D8	0x1283      	BCF        STATUS, 5
0x00D9	0x0188      	CLRF       PORTD
;Problem_1_code.c,15 :: 		portc.f0=0;
0x00DA	0x1007      	BCF        PORTC, 0
;Problem_1_code.c,17 :: 		while(1)
L_main0:
;Problem_1_code.c,19 :: 		if(portc.f0==1)
0x00DB	0x1C07      	BTFSS      PORTC, 0
0x00DC	0x2962      	GOTO       L_main2
;Problem_1_code.c,21 :: 		porta.f1=0;
0x00DD	0x1085      	BCF        PORTA, 1
;Problem_1_code.c,22 :: 		porta.f2=0;
0x00DE	0x1105      	BCF        PORTA, 2
;Problem_1_code.c,23 :: 		porta.f3=0;
0x00DF	0x1185      	BCF        PORTA, 3
;Problem_1_code.c,24 :: 		stage=1;
0x00E0	0x3001      	MOVLW      1
0x00E1	0x00B8      	MOVWF      main_stage_L0
0x00E2	0x3000      	MOVLW      0
0x00E3	0x00B9      	MOVWF      main_stage_L0+1
;Problem_1_code.c,26 :: 		i=0;
0x00E4	0x01B2      	CLRF       main_i_L0
0x00E5	0x01B3      	CLRF       main_i_L0+1
;Problem_1_code.c,27 :: 		while(1){
L_main3:
;Problem_1_code.c,31 :: 		if(portd.f6==1){
0x00E6	0x1F08      	BTFSS      PORTD, 6
0x00E7	0x28F9      	GOTO       L_main5
;Problem_1_code.c,32 :: 		if(i<100) {
0x00E8	0x3080      	MOVLW      128
0x00E9	0x0633      	XORWF      main_i_L0+1, 0
0x00EA	0x00F0      	MOVWF      R0
0x00EB	0x3080      	MOVLW      128
0x00EC	0x0270      	SUBWF      R0, 0
0x00ED	0x1D03      	BTFSS      STATUS, 2
0x00EE	0x28F1      	GOTO       L__main43
0x00EF	0x3064      	MOVLW      100
0x00F0	0x0232      	SUBWF      main_i_L0, 0
L__main43:
0x00F1	0x1803      	BTFSC      STATUS, 0
0x00F2	0x28F9      	GOTO       L_main6
;Problem_1_code.c,33 :: 		i++;
0x00F3	0x0AB2      	INCF       main_i_L0, 1
0x00F4	0x1903      	BTFSC      STATUS, 2
0x00F5	0x0AB3      	INCF       main_i_L0+1, 1
;Problem_1_code.c,34 :: 		countP++;
0x00F6	0x0AB4      	INCF       main_countP_L0, 1
0x00F7	0x1903      	BTFSC      STATUS, 2
0x00F8	0x0AB5      	INCF       main_countP_L0+1, 1
;Problem_1_code.c,35 :: 		}
L_main6:
;Problem_1_code.c,36 :: 		}
L_main5:
;Problem_1_code.c,37 :: 		if(portd.f7==1){
0x00F9	0x1F88      	BTFSS      PORTD, 7
0x00FA	0x290E      	GOTO       L_main7
;Problem_1_code.c,38 :: 		if(i>0) {
0x00FB	0x3080      	MOVLW      128
0x00FC	0x00F0      	MOVWF      R0
0x00FD	0x3080      	MOVLW      128
0x00FE	0x0633      	XORWF      main_i_L0+1, 0
0x00FF	0x0270      	SUBWF      R0, 0
0x0100	0x1D03      	BTFSS      STATUS, 2
0x0101	0x2904      	GOTO       L__main44
0x0102	0x0832      	MOVF       main_i_L0, 0
0x0103	0x3C00      	SUBLW      0
L__main44:
0x0104	0x1803      	BTFSC      STATUS, 0
0x0105	0x290E      	GOTO       L_main8
;Problem_1_code.c,39 :: 		i--;
0x0106	0x3001      	MOVLW      1
0x0107	0x02B2      	SUBWF      main_i_L0, 1
0x0108	0x1C03      	BTFSS      STATUS, 0
0x0109	0x03B3      	DECF       main_i_L0+1, 1
;Problem_1_code.c,40 :: 		countP--;
0x010A	0x3001      	MOVLW      1
0x010B	0x02B4      	SUBWF      main_countP_L0, 1
0x010C	0x1C03      	BTFSS      STATUS, 0
0x010D	0x03B5      	DECF       main_countP_L0+1, 1
;Problem_1_code.c,41 :: 		}
L_main8:
;Problem_1_code.c,42 :: 		}
L_main7:
;Problem_1_code.c,45 :: 		leftDigit=i/10;
0x010E	0x300A      	MOVLW      10
0x010F	0x00F4      	MOVWF      R4
0x0110	0x3000      	MOVLW      0
0x0111	0x00F5      	MOVWF      R4+1
0x0112	0x0832      	MOVF       main_i_L0, 0
0x0113	0x00F0      	MOVWF      R0
0x0114	0x0833      	MOVF       main_i_L0+1, 0
0x0115	0x00F1      	MOVWF      R0+1
0x0116	0x2042      	CALL       _Div_16x16_S
0x0117	0x0870      	MOVF       R0, 0
0x0118	0x00AE      	MOVWF      main_leftDigit_L0
0x0119	0x0871      	MOVF       R0+1, 0
0x011A	0x00AF      	MOVWF      main_leftDigit_L0+1
;Problem_1_code.c,46 :: 		rightDigit=i%10;
0x011B	0x300A      	MOVLW      10
0x011C	0x00F4      	MOVWF      R4
0x011D	0x3000      	MOVLW      0
0x011E	0x00F5      	MOVWF      R4+1
0x011F	0x0832      	MOVF       main_i_L0, 0
0x0120	0x00F0      	MOVWF      R0
0x0121	0x0833      	MOVF       main_i_L0+1, 0
0x0122	0x00F1      	MOVWF      R0+1
0x0123	0x2042      	CALL       _Div_16x16_S
0x0124	0x0878      	MOVF       R8, 0
0x0125	0x00F0      	MOVWF      R0
0x0126	0x0879      	MOVF       R8+1, 0
0x0127	0x00F1      	MOVWF      R0+1
0x0128	0x0870      	MOVF       R0, 0
0x0129	0x00B0      	MOVWF      main_rightDigit_L0
0x012A	0x0871      	MOVF       R0+1, 0
0x012B	0x00B1      	MOVWF      main_rightDigit_L0+1
;Problem_1_code.c,47 :: 		for(j=0;j<50;j++)
0x012C	0x01AC      	CLRF       main_j_L0
0x012D	0x01AD      	CLRF       main_j_L0+1
L_main9:
0x012E	0x3080      	MOVLW      128
0x012F	0x062D      	XORWF      main_j_L0+1, 0
0x0130	0x00F0      	MOVWF      R0
0x0131	0x3080      	MOVLW      128
0x0132	0x0270      	SUBWF      R0, 0
0x0133	0x1D03      	BTFSS      STATUS, 2
0x0134	0x2937      	GOTO       L__main45
0x0135	0x3032      	MOVLW      50
0x0136	0x022C      	SUBWF      main_j_L0, 0
L__main45:
0x0137	0x1803      	BTFSC      STATUS, 0
0x0138	0x295D      	GOTO       L_main10
;Problem_1_code.c,49 :: 		portd.f0=1;
0x0139	0x1408      	BSF        PORTD, 0
;Problem_1_code.c,50 :: 		portb=CA[leftDigit];
0x013A	0x082E      	MOVF       main_leftDigit_L0, 0
0x013B	0x3E20      	ADDLW      _CA
0x013C	0x0084      	MOVWF      FSR
0x013D	0x0800      	MOVF       INDF, 0
0x013E	0x0086      	MOVWF      PORTB
;Problem_1_code.c,51 :: 		delay_ms(10);
0x013F	0x301A      	MOVLW      26
0x0140	0x00FC      	MOVWF      R12
0x0141	0x30F8      	MOVLW      248
0x0142	0x00FD      	MOVWF      R13
L_main12:
0x0143	0x0BFD      	DECFSZ     R13, 1
0x0144	0x2943      	GOTO       L_main12
0x0145	0x0BFC      	DECFSZ     R12, 1
0x0146	0x2943      	GOTO       L_main12
0x0147	0x0000      	NOP
;Problem_1_code.c,52 :: 		portd.f0=0;
0x0148	0x1008      	BCF        PORTD, 0
;Problem_1_code.c,54 :: 		portd.f1=1;
0x0149	0x1488      	BSF        PORTD, 1
;Problem_1_code.c,55 :: 		portb=CA[rightDigit];
0x014A	0x0830      	MOVF       main_rightDigit_L0, 0
0x014B	0x3E20      	ADDLW      _CA
0x014C	0x0084      	MOVWF      FSR
0x014D	0x0800      	MOVF       INDF, 0
0x014E	0x0086      	MOVWF      PORTB
;Problem_1_code.c,56 :: 		delay_ms(10);
0x014F	0x301A      	MOVLW      26
0x0150	0x00FC      	MOVWF      R12
0x0151	0x30F8      	MOVLW      248
0x0152	0x00FD      	MOVWF      R13
L_main13:
0x0153	0x0BFD      	DECFSZ     R13, 1
0x0154	0x2953      	GOTO       L_main13
0x0155	0x0BFC      	DECFSZ     R12, 1
0x0156	0x2953      	GOTO       L_main13
0x0157	0x0000      	NOP
;Problem_1_code.c,57 :: 		portd.f1=0;
0x0158	0x1088      	BCF        PORTD, 1
;Problem_1_code.c,47 :: 		for(j=0;j<50;j++)
0x0159	0x0AAC      	INCF       main_j_L0, 1
0x015A	0x1903      	BTFSC      STATUS, 2
0x015B	0x0AAD      	INCF       main_j_L0+1, 1
;Problem_1_code.c,60 :: 		}
0x015C	0x292E      	GOTO       L_main9
L_main10:
;Problem_1_code.c,61 :: 		if(portc.f0==0)
0x015D	0x1807      	BTFSC      PORTC, 0
0x015E	0x2960      	GOTO       L_main14
;Problem_1_code.c,63 :: 		break;
0x015F	0x2961      	GOTO       L_main4
;Problem_1_code.c,64 :: 		}
L_main14:
;Problem_1_code.c,65 :: 		}
0x0160	0x28E6      	GOTO       L_main3
L_main4:
;Problem_1_code.c,67 :: 		}
0x0161	0x2A54      	GOTO       L_main15
L_main2:
;Problem_1_code.c,68 :: 		else if(portc.f0==0)
0x0162	0x1807      	BTFSC      PORTC, 0
0x0163	0x2A54      	GOTO       L_main16
;Problem_1_code.c,71 :: 		leftDigit=0;
0x0164	0x01AE      	CLRF       main_leftDigit_L0
0x0165	0x01AF      	CLRF       main_leftDigit_L0+1
;Problem_1_code.c,72 :: 		rightDigit=0;
0x0166	0x01B0      	CLRF       main_rightDigit_L0
0x0167	0x01B1      	CLRF       main_rightDigit_L0+1
;Problem_1_code.c,73 :: 		portb=CA[0];
0x0168	0x0820      	MOVF       _CA, 0
0x0169	0x0086      	MOVWF      PORTB
;Problem_1_code.c,74 :: 		for(j=0;j<50;j++)
0x016A	0x01AC      	CLRF       main_j_L0
0x016B	0x01AD      	CLRF       main_j_L0+1
L_main17:
0x016C	0x3080      	MOVLW      128
0x016D	0x062D      	XORWF      main_j_L0+1, 0
0x016E	0x00F0      	MOVWF      R0
0x016F	0x3080      	MOVLW      128
0x0170	0x0270      	SUBWF      R0, 0
0x0171	0x1D03      	BTFSS      STATUS, 2
0x0172	0x2975      	GOTO       L__main46
0x0173	0x3032      	MOVLW      50
0x0174	0x022C      	SUBWF      main_j_L0, 0
L__main46:
0x0175	0x1803      	BTFSC      STATUS, 0
0x0176	0x2995      	GOTO       L_main18
;Problem_1_code.c,76 :: 		portd.f0=1;
0x0177	0x1408      	BSF        PORTD, 0
;Problem_1_code.c,77 :: 		portb=CA[0];
0x0178	0x0820      	MOVF       _CA, 0
0x0179	0x0086      	MOVWF      PORTB
;Problem_1_code.c,78 :: 		delay_ms(10);
0x017A	0x301A      	MOVLW      26
0x017B	0x00FC      	MOVWF      R12
0x017C	0x30F8      	MOVLW      248
0x017D	0x00FD      	MOVWF      R13
L_main20:
0x017E	0x0BFD      	DECFSZ     R13, 1
0x017F	0x297E      	GOTO       L_main20
0x0180	0x0BFC      	DECFSZ     R12, 1
0x0181	0x297E      	GOTO       L_main20
0x0182	0x0000      	NOP
;Problem_1_code.c,79 :: 		portd.f0=0;
0x0183	0x1008      	BCF        PORTD, 0
;Problem_1_code.c,81 :: 		portd.f1=1;
0x0184	0x1488      	BSF        PORTD, 1
;Problem_1_code.c,82 :: 		portb=CA[0];
0x0185	0x0820      	MOVF       _CA, 0
0x0186	0x0086      	MOVWF      PORTB
;Problem_1_code.c,83 :: 		delay_ms(10);
0x0187	0x301A      	MOVLW      26
0x0188	0x00FC      	MOVWF      R12
0x0189	0x30F8      	MOVLW      248
0x018A	0x00FD      	MOVWF      R13
L_main21:
0x018B	0x0BFD      	DECFSZ     R13, 1
0x018C	0x298B      	GOTO       L_main21
0x018D	0x0BFC      	DECFSZ     R12, 1
0x018E	0x298B      	GOTO       L_main21
0x018F	0x0000      	NOP
;Problem_1_code.c,84 :: 		portd.f1=0;
0x0190	0x1088      	BCF        PORTD, 1
;Problem_1_code.c,74 :: 		for(j=0;j<50;j++)
0x0191	0x0AAC      	INCF       main_j_L0, 1
0x0192	0x1903      	BTFSC      STATUS, 2
0x0193	0x0AAD      	INCF       main_j_L0+1, 1
;Problem_1_code.c,85 :: 		}
0x0194	0x296C      	GOTO       L_main17
L_main18:
;Problem_1_code.c,86 :: 		i=0;
0x0195	0x01B2      	CLRF       main_i_L0
0x0196	0x01B3      	CLRF       main_i_L0+1
;Problem_1_code.c,87 :: 		j=0;
0x0197	0x01AC      	CLRF       main_j_L0
0x0198	0x01AD      	CLRF       main_j_L0+1
;Problem_1_code.c,88 :: 		porta.f1=1;
0x0199	0x1485      	BSF        PORTA, 1
;Problem_1_code.c,89 :: 		while(1){
L_main22:
;Problem_1_code.c,93 :: 		if(portd.f6==1){
0x019A	0x1F08      	BTFSS      PORTD, 6
0x019B	0x29AD      	GOTO       L_main24
;Problem_1_code.c,94 :: 		if(i<100) {
0x019C	0x3080      	MOVLW      128
0x019D	0x0633      	XORWF      main_i_L0+1, 0
0x019E	0x00F0      	MOVWF      R0
0x019F	0x3080      	MOVLW      128
0x01A0	0x0270      	SUBWF      R0, 0
0x01A1	0x1D03      	BTFSS      STATUS, 2
0x01A2	0x29A5      	GOTO       L__main47
0x01A3	0x3064      	MOVLW      100
0x01A4	0x0232      	SUBWF      main_i_L0, 0
L__main47:
0x01A5	0x1803      	BTFSC      STATUS, 0
0x01A6	0x29AD      	GOTO       L_main25
;Problem_1_code.c,95 :: 		i++;
0x01A7	0x0AB2      	INCF       main_i_L0, 1
0x01A8	0x1903      	BTFSC      STATUS, 2
0x01A9	0x0AB3      	INCF       main_i_L0+1, 1
;Problem_1_code.c,96 :: 		countR++;
0x01AA	0x0AB6      	INCF       main_countR_L0, 1
0x01AB	0x1903      	BTFSC      STATUS, 2
0x01AC	0x0AB7      	INCF       main_countR_L0+1, 1
;Problem_1_code.c,97 :: 		}
L_main25:
;Problem_1_code.c,98 :: 		}
L_main24:
;Problem_1_code.c,99 :: 		if(portd.f7==1){
0x01AD	0x1F88      	BTFSS      PORTD, 7
0x01AE	0x29C2      	GOTO       L_main26
;Problem_1_code.c,100 :: 		if(i>0) {
0x01AF	0x3080      	MOVLW      128
0x01B0	0x00F0      	MOVWF      R0
0x01B1	0x3080      	MOVLW      128
0x01B2	0x0633      	XORWF      main_i_L0+1, 0
0x01B3	0x0270      	SUBWF      R0, 0
0x01B4	0x1D03      	BTFSS      STATUS, 2
0x01B5	0x29B8      	GOTO       L__main48
0x01B6	0x0832      	MOVF       main_i_L0, 0
0x01B7	0x3C00      	SUBLW      0
L__main48:
0x01B8	0x1803      	BTFSC      STATUS, 0
0x01B9	0x29C2      	GOTO       L_main27
;Problem_1_code.c,101 :: 		i--;
0x01BA	0x3001      	MOVLW      1
0x01BB	0x02B2      	SUBWF      main_i_L0, 1
0x01BC	0x1C03      	BTFSS      STATUS, 0
0x01BD	0x03B3      	DECF       main_i_L0+1, 1
;Problem_1_code.c,102 :: 		countR--;
0x01BE	0x3001      	MOVLW      1
0x01BF	0x02B6      	SUBWF      main_countR_L0, 1
0x01C0	0x1C03      	BTFSS      STATUS, 0
0x01C1	0x03B7      	DECF       main_countR_L0+1, 1
;Problem_1_code.c,103 :: 		}
L_main27:
;Problem_1_code.c,104 :: 		}
L_main26:
;Problem_1_code.c,107 :: 		leftDigit=i/10;
0x01C2	0x300A      	MOVLW      10
0x01C3	0x00F4      	MOVWF      R4
0x01C4	0x3000      	MOVLW      0
0x01C5	0x00F5      	MOVWF      R4+1
0x01C6	0x0832      	MOVF       main_i_L0, 0
0x01C7	0x00F0      	MOVWF      R0
0x01C8	0x0833      	MOVF       main_i_L0+1, 0
0x01C9	0x00F1      	MOVWF      R0+1
0x01CA	0x2042      	CALL       _Div_16x16_S
0x01CB	0x0870      	MOVF       R0, 0
0x01CC	0x00AE      	MOVWF      main_leftDigit_L0
0x01CD	0x0871      	MOVF       R0+1, 0
0x01CE	0x00AF      	MOVWF      main_leftDigit_L0+1
;Problem_1_code.c,108 :: 		rightDigit=i%10;
0x01CF	0x300A      	MOVLW      10
0x01D0	0x00F4      	MOVWF      R4
0x01D1	0x3000      	MOVLW      0
0x01D2	0x00F5      	MOVWF      R4+1
0x01D3	0x0832      	MOVF       main_i_L0, 0
0x01D4	0x00F0      	MOVWF      R0
0x01D5	0x0833      	MOVF       main_i_L0+1, 0
0x01D6	0x00F1      	MOVWF      R0+1
0x01D7	0x2042      	CALL       _Div_16x16_S
0x01D8	0x0878      	MOVF       R8, 0
0x01D9	0x00F0      	MOVWF      R0
0x01DA	0x0879      	MOVF       R8+1, 0
0x01DB	0x00F1      	MOVWF      R0+1
0x01DC	0x0870      	MOVF       R0, 0
0x01DD	0x00B0      	MOVWF      main_rightDigit_L0
0x01DE	0x0871      	MOVF       R0+1, 0
0x01DF	0x00B1      	MOVWF      main_rightDigit_L0+1
;Problem_1_code.c,109 :: 		for(j=0;j<50;j++)
0x01E0	0x01AC      	CLRF       main_j_L0
0x01E1	0x01AD      	CLRF       main_j_L0+1
L_main28:
0x01E2	0x3080      	MOVLW      128
0x01E3	0x062D      	XORWF      main_j_L0+1, 0
0x01E4	0x00F0      	MOVWF      R0
0x01E5	0x3080      	MOVLW      128
0x01E6	0x0270      	SUBWF      R0, 0
0x01E7	0x1D03      	BTFSS      STATUS, 2
0x01E8	0x29EB      	GOTO       L__main49
0x01E9	0x3032      	MOVLW      50
0x01EA	0x022C      	SUBWF      main_j_L0, 0
L__main49:
0x01EB	0x1803      	BTFSC      STATUS, 0
0x01EC	0x2A11      	GOTO       L_main29
;Problem_1_code.c,111 :: 		portd.f0=1;
0x01ED	0x1408      	BSF        PORTD, 0
;Problem_1_code.c,112 :: 		portb=CA[leftDigit];
0x01EE	0x082E      	MOVF       main_leftDigit_L0, 0
0x01EF	0x3E20      	ADDLW      _CA
0x01F0	0x0084      	MOVWF      FSR
0x01F1	0x0800      	MOVF       INDF, 0
0x01F2	0x0086      	MOVWF      PORTB
;Problem_1_code.c,113 :: 		delay_ms(10);
0x01F3	0x301A      	MOVLW      26
0x01F4	0x00FC      	MOVWF      R12
0x01F5	0x30F8      	MOVLW      248
0x01F6	0x00FD      	MOVWF      R13
L_main31:
0x01F7	0x0BFD      	DECFSZ     R13, 1
0x01F8	0x29F7      	GOTO       L_main31
0x01F9	0x0BFC      	DECFSZ     R12, 1
0x01FA	0x29F7      	GOTO       L_main31
0x01FB	0x0000      	NOP
;Problem_1_code.c,114 :: 		portd.f0=0;
0x01FC	0x1008      	BCF        PORTD, 0
;Problem_1_code.c,116 :: 		portd.f1=1;
0x01FD	0x1488      	BSF        PORTD, 1
;Problem_1_code.c,117 :: 		portb=CA[rightDigit];
0x01FE	0x0830      	MOVF       main_rightDigit_L0, 0
0x01FF	0x3E20      	ADDLW      _CA
0x0200	0x0084      	MOVWF      FSR
0x0201	0x0800      	MOVF       INDF, 0
0x0202	0x0086      	MOVWF      PORTB
;Problem_1_code.c,118 :: 		delay_ms(10);
0x0203	0x301A      	MOVLW      26
0x0204	0x00FC      	MOVWF      R12
0x0205	0x30F8      	MOVLW      248
0x0206	0x00FD      	MOVWF      R13
L_main32:
0x0207	0x0BFD      	DECFSZ     R13, 1
0x0208	0x2A07      	GOTO       L_main32
0x0209	0x0BFC      	DECFSZ     R12, 1
0x020A	0x2A07      	GOTO       L_main32
0x020B	0x0000      	NOP
;Problem_1_code.c,119 :: 		portd.f1=0;
0x020C	0x1088      	BCF        PORTD, 1
;Problem_1_code.c,109 :: 		for(j=0;j<50;j++)
0x020D	0x0AAC      	INCF       main_j_L0, 1
0x020E	0x1903      	BTFSC      STATUS, 2
0x020F	0x0AAD      	INCF       main_j_L0+1, 1
;Problem_1_code.c,122 :: 		}
0x0210	0x29E2      	GOTO       L_main28
L_main29:
;Problem_1_code.c,124 :: 		if(countP==countR && stage==1)
0x0211	0x0835      	MOVF       main_countP_L0+1, 0
0x0212	0x0637      	XORWF      main_countR_L0+1, 0
0x0213	0x1D03      	BTFSS      STATUS, 2
0x0214	0x2A17      	GOTO       L__main50
0x0215	0x0836      	MOVF       main_countR_L0, 0
0x0216	0x0634      	XORWF      main_countP_L0, 0
L__main50:
0x0217	0x1D03      	BTFSS      STATUS, 2
0x0218	0x2A4F      	GOTO       L_main35
0x0219	0x3000      	MOVLW      0
0x021A	0x0639      	XORWF      main_stage_L0+1, 0
0x021B	0x1D03      	BTFSS      STATUS, 2
0x021C	0x2A1F      	GOTO       L__main51
0x021D	0x3001      	MOVLW      1
0x021E	0x0638      	XORWF      main_stage_L0, 0
L__main51:
0x021F	0x1D03      	BTFSS      STATUS, 2
0x0220	0x2A4F      	GOTO       L_main35
L__main41:
;Problem_1_code.c,126 :: 		porta.f1=0;
0x0221	0x1085      	BCF        PORTA, 1
;Problem_1_code.c,127 :: 		porta.f2=1;
0x0222	0x1505      	BSF        PORTA, 2
;Problem_1_code.c,128 :: 		delay_ms(2000);
0x0223	0x3015      	MOVLW      21
0x0224	0x00FB      	MOVWF      R11
0x0225	0x304B      	MOVLW      75
0x0226	0x00FC      	MOVWF      R12
0x0227	0x30BE      	MOVLW      190
0x0228	0x00FD      	MOVWF      R13
L_main36:
0x0229	0x0BFD      	DECFSZ     R13, 1
0x022A	0x2A29      	GOTO       L_main36
0x022B	0x0BFC      	DECFSZ     R12, 1
0x022C	0x2A29      	GOTO       L_main36
0x022D	0x0BFB      	DECFSZ     R11, 1
0x022E	0x2A29      	GOTO       L_main36
0x022F	0x0000      	NOP
;Problem_1_code.c,129 :: 		porta.f2=0;
0x0230	0x1105      	BCF        PORTA, 2
;Problem_1_code.c,130 :: 		porta.f3=1;
0x0231	0x1585      	BSF        PORTA, 3
;Problem_1_code.c,131 :: 		delay_ms(2000);
0x0232	0x3015      	MOVLW      21
0x0233	0x00FB      	MOVWF      R11
0x0234	0x304B      	MOVLW      75
0x0235	0x00FC      	MOVWF      R12
0x0236	0x30BE      	MOVLW      190
0x0237	0x00FD      	MOVWF      R13
L_main37:
0x0238	0x0BFD      	DECFSZ     R13, 1
0x0239	0x2A38      	GOTO       L_main37
0x023A	0x0BFC      	DECFSZ     R12, 1
0x023B	0x2A38      	GOTO       L_main37
0x023C	0x0BFB      	DECFSZ     R11, 1
0x023D	0x2A38      	GOTO       L_main37
0x023E	0x0000      	NOP
;Problem_1_code.c,132 :: 		porta.f3=0;
0x023F	0x1185      	BCF        PORTA, 3
;Problem_1_code.c,133 :: 		porta.f1=1;
0x0240	0x1485      	BSF        PORTA, 1
;Problem_1_code.c,134 :: 		delay_ms(2000);
0x0241	0x3015      	MOVLW      21
0x0242	0x00FB      	MOVWF      R11
0x0243	0x304B      	MOVLW      75
0x0244	0x00FC      	MOVWF      R12
0x0245	0x30BE      	MOVLW      190
0x0246	0x00FD      	MOVWF      R13
L_main38:
0x0247	0x0BFD      	DECFSZ     R13, 1
0x0248	0x2A47      	GOTO       L_main38
0x0249	0x0BFC      	DECFSZ     R12, 1
0x024A	0x2A47      	GOTO       L_main38
0x024B	0x0BFB      	DECFSZ     R11, 1
0x024C	0x2A47      	GOTO       L_main38
0x024D	0x0000      	NOP
;Problem_1_code.c,135 :: 		}
0x024E	0x2A50      	GOTO       L_main39
L_main35:
;Problem_1_code.c,137 :: 		porta.f1=1;
0x024F	0x1485      	BSF        PORTA, 1
;Problem_1_code.c,138 :: 		}
L_main39:
;Problem_1_code.c,139 :: 		if(portc.f0==1)
0x0250	0x1C07      	BTFSS      PORTC, 0
0x0251	0x2A53      	GOTO       L_main40
;Problem_1_code.c,141 :: 		break;
0x0252	0x2A54      	GOTO       L_main23
;Problem_1_code.c,142 :: 		}
L_main40:
;Problem_1_code.c,144 :: 		}
0x0253	0x299A      	GOTO       L_main22
L_main23:
;Problem_1_code.c,149 :: 		}
L_main16:
L_main15:
;Problem_1_code.c,152 :: 		}
0x0254	0x28DB      	GOTO       L_main0
;Problem_1_code.c,156 :: 		}
L_end_main:
0x0255	0x2A55      	GOTO       $+0
; end of _main
Symbol List:
//** Routines locations **
//ADDRESS    SIZE    PROCEDURE
//----------------------------------------------
0x0003      [44]    _Div_16x16_S_L
0x002F       [7]    _____DoICP
0x0036      [12]    ___CC2DW
0x0042     [105]    _Div_16x16_S
0x00AB     [427]    _main
//** Variables locations ** 
//ADDRESS    SIZE    VARIABLE
//----------------------------------------------
0x0000       [1]    INDF
0x0002       [1]    PCL
0x0003       [1]    STATUS
0x0004       [1]    FSR
0x0005       [1]    PORTA
0x0006       [1]    PORTB
0x0007       [1]    PORTC
0x0008       [1]    PORTD
0x000A       [1]    PCLATH
0x0020      [10]    _CA
0x002A       [2]    ___DoICPAddr
0x002C       [2]    main_j_L0
0x002E       [2]    main_leftDigit_L0
0x0030       [2]    main_rightDigit_L0
0x0032       [2]    main_i_L0
0x0034       [2]    main_countP_L0
0x0036       [2]    main_countR_L0
0x0038       [2]    main_stage_L0
0x0070       [1]    R0
0x0071       [1]    R1
0x0072       [1]    R2
0x0073       [1]    R3
0x0074       [1]    R4
0x0075       [1]    R5
0x0076       [1]    R6
0x0077       [1]    R7
0x0078       [1]    R8
0x0079       [1]    R9
0x007A       [1]    R10
0x007B       [1]    R11
0x007C       [1]    R12
0x007D       [1]    R13
0x007E       [1]    R14
0x007F       [1]    R15
0x0085       [1]    TRISA
0x0086       [1]    TRISB
0x0087       [1]    TRISC
0x0088       [1]    TRISD
