;  LST file generated by mikroListExporter - v.2.0 
; Date/Time: 22/09/2022 23:42:30
;----------------------------------------------

;Address Opcode 	ASM
0x0000	0x287E      	GOTO       126
_rotateservo0:
;ServoMotorInterfacing.c,1 :: 		void rotateservo0()
;ServoMotorInterfacing.c,4 :: 		for(i=0;i<50;i++){
0x0003	0x1283      	BCF        STATUS, 5
0x0004	0x1303      	BCF        STATUS, 6
0x0005	0x01F1      	CLRF       R1
0x0006	0x01F2      	CLRF       R1+1
L_rotateservo00:
0x0007	0x3080      	MOVLW      128
0x0008	0x0672      	XORWF      R1+1, 0
0x0009	0x00F0      	MOVWF      R0
0x000A	0x3080      	MOVLW      128
0x000B	0x0270      	SUBWF      R0, 0
0x000C	0x1D03      	BTFSS      STATUS, 2
0x000D	0x2810      	GOTO       L__rotateservo021
0x000E	0x3032      	MOVLW      50
0x000F	0x0271      	SUBWF      R1, 0
L__rotateservo021:
0x0010	0x1803      	BTFSC      STATUS, 0
0x0011	0x282B      	GOTO       L_rotateservo01
;ServoMotorInterfacing.c,5 :: 		portb.f0=1;
0x0012	0x1406      	BSF        PORTB, 0
;ServoMotorInterfacing.c,6 :: 		delay_us(800);
0x0013	0x3003      	MOVLW      3
0x0014	0x00FC      	MOVWF      R12
0x0015	0x3012      	MOVLW      18
0x0016	0x00FD      	MOVWF      R13
L_rotateservo03:
0x0017	0x0BFD      	DECFSZ     R13, 1
0x0018	0x2817      	GOTO       L_rotateservo03
0x0019	0x0BFC      	DECFSZ     R12, 1
0x001A	0x2817      	GOTO       L_rotateservo03
0x001B	0x0000      	NOP
;ServoMotorInterfacing.c,7 :: 		portb.f0=0  ;
0x001C	0x1006      	BCF        PORTB, 0
;ServoMotorInterfacing.c,8 :: 		delay_us(19200);
0x001D	0x3032      	MOVLW      50
0x001E	0x00FC      	MOVWF      R12
0x001F	0x30DD      	MOVLW      221
0x0020	0x00FD      	MOVWF      R13
L_rotateservo04:
0x0021	0x0BFD      	DECFSZ     R13, 1
0x0022	0x2821      	GOTO       L_rotateservo04
0x0023	0x0BFC      	DECFSZ     R12, 1
0x0024	0x2821      	GOTO       L_rotateservo04
0x0025	0x0000      	NOP
0x0026	0x0000      	NOP
;ServoMotorInterfacing.c,4 :: 		for(i=0;i<50;i++){
0x0027	0x0AF1      	INCF       R1, 1
0x0028	0x1903      	BTFSC      STATUS, 2
0x0029	0x0AF2      	INCF       R1+1, 1
;ServoMotorInterfacing.c,9 :: 		}
0x002A	0x2807      	GOTO       L_rotateservo00
L_rotateservo01:
;ServoMotorInterfacing.c,10 :: 		}
L_end_rotateservo0:
0x002B	0x0008      	RETURN
; end of _rotateservo0
_rotateservo180:
;ServoMotorInterfacing.c,21 :: 		void rotateservo180()
;ServoMotorInterfacing.c,24 :: 		for(i=0;i<50;i++){
0x002C	0x1283      	BCF        STATUS, 5
0x002D	0x1303      	BCF        STATUS, 6
0x002E	0x01F1      	CLRF       R1
0x002F	0x01F2      	CLRF       R1+1
L_rotateservo18010:
0x0030	0x3080      	MOVLW      128
0x0031	0x0672      	XORWF      R1+1, 0
0x0032	0x00F0      	MOVWF      R0
0x0033	0x3080      	MOVLW      128
0x0034	0x0270      	SUBWF      R0, 0
0x0035	0x1D03      	BTFSS      STATUS, 2
0x0036	0x2839      	GOTO       L__rotateservo18025
0x0037	0x3032      	MOVLW      50
0x0038	0x0271      	SUBWF      R1, 0
L__rotateservo18025:
0x0039	0x1803      	BTFSC      STATUS, 0
0x003A	0x2854      	GOTO       L_rotateservo18011
;ServoMotorInterfacing.c,25 :: 		portb.f0=1;
0x003B	0x1406      	BSF        PORTB, 0
;ServoMotorInterfacing.c,26 :: 		delay_us(2200);
0x003C	0x3006      	MOVLW      6
0x003D	0x00FC      	MOVWF      R12
0x003E	0x30B5      	MOVLW      181
0x003F	0x00FD      	MOVWF      R13
L_rotateservo18013:
0x0040	0x0BFD      	DECFSZ     R13, 1
0x0041	0x2840      	GOTO       L_rotateservo18013
0x0042	0x0BFC      	DECFSZ     R12, 1
0x0043	0x2840      	GOTO       L_rotateservo18013
0x0044	0x0000      	NOP
0x0045	0x0000      	NOP
;ServoMotorInterfacing.c,27 :: 		portb.f0=0  ;
0x0046	0x1006      	BCF        PORTB, 0
;ServoMotorInterfacing.c,28 :: 		delay_us(17800);
0x0047	0x302F      	MOVLW      47
0x0048	0x00FC      	MOVWF      R12
0x0049	0x303A      	MOVLW      58
0x004A	0x00FD      	MOVWF      R13
L_rotateservo18014:
0x004B	0x0BFD      	DECFSZ     R13, 1
0x004C	0x284B      	GOTO       L_rotateservo18014
0x004D	0x0BFC      	DECFSZ     R12, 1
0x004E	0x284B      	GOTO       L_rotateservo18014
0x004F	0x0000      	NOP
;ServoMotorInterfacing.c,24 :: 		for(i=0;i<50;i++){
0x0050	0x0AF1      	INCF       R1, 1
0x0051	0x1903      	BTFSC      STATUS, 2
0x0052	0x0AF2      	INCF       R1+1, 1
;ServoMotorInterfacing.c,29 :: 		}
0x0053	0x2830      	GOTO       L_rotateservo18010
L_rotateservo18011:
;ServoMotorInterfacing.c,30 :: 		}
L_end_rotateservo180:
0x0054	0x0008      	RETURN
; end of _rotateservo180
_rotateservo90:
;ServoMotorInterfacing.c,11 :: 		void rotateservo90()
;ServoMotorInterfacing.c,14 :: 		for(i=0;i<50;i++){
0x0055	0x1283      	BCF        STATUS, 5
0x0056	0x1303      	BCF        STATUS, 6
0x0057	0x01F1      	CLRF       R1
0x0058	0x01F2      	CLRF       R1+1
L_rotateservo905:
0x0059	0x3080      	MOVLW      128
0x005A	0x0672      	XORWF      R1+1, 0
0x005B	0x00F0      	MOVWF      R0
0x005C	0x3080      	MOVLW      128
0x005D	0x0270      	SUBWF      R0, 0
0x005E	0x1D03      	BTFSS      STATUS, 2
0x005F	0x2862      	GOTO       L__rotateservo9023
0x0060	0x3032      	MOVLW      50
0x0061	0x0271      	SUBWF      R1, 0
L__rotateservo9023:
0x0062	0x1803      	BTFSC      STATUS, 0
0x0063	0x287D      	GOTO       L_rotateservo906
;ServoMotorInterfacing.c,15 :: 		portb.f0=1;
0x0064	0x1406      	BSF        PORTB, 0
;ServoMotorInterfacing.c,16 :: 		delay_us(1500);
0x0065	0x3004      	MOVLW      4
0x0066	0x00FC      	MOVWF      R12
0x0067	0x30E4      	MOVLW      228
0x0068	0x00FD      	MOVWF      R13
L_rotateservo908:
0x0069	0x0BFD      	DECFSZ     R13, 1
0x006A	0x2869      	GOTO       L_rotateservo908
0x006B	0x0BFC      	DECFSZ     R12, 1
0x006C	0x2869      	GOTO       L_rotateservo908
0x006D	0x0000      	NOP
;ServoMotorInterfacing.c,17 :: 		portb.f0=0 ;
0x006E	0x1006      	BCF        PORTB, 0
;ServoMotorInterfacing.c,18 :: 		delay_us(18500);
0x006F	0x3031      	MOVLW      49
0x0070	0x00FC      	MOVWF      R12
0x0071	0x300B      	MOVLW      11
0x0072	0x00FD      	MOVWF      R13
L_rotateservo909:
0x0073	0x0BFD      	DECFSZ     R13, 1
0x0074	0x2873      	GOTO       L_rotateservo909
0x0075	0x0BFC      	DECFSZ     R12, 1
0x0076	0x2873      	GOTO       L_rotateservo909
0x0077	0x0000      	NOP
0x0078	0x0000      	NOP
;ServoMotorInterfacing.c,14 :: 		for(i=0;i<50;i++){
0x0079	0x0AF1      	INCF       R1, 1
0x007A	0x1903      	BTFSC      STATUS, 2
0x007B	0x0AF2      	INCF       R1+1, 1
;ServoMotorInterfacing.c,19 :: 		}
0x007C	0x2859      	GOTO       L_rotateservo905
L_rotateservo906:
;ServoMotorInterfacing.c,20 :: 		}
L_end_rotateservo90:
0x007D	0x0008      	RETURN
; end of _rotateservo90
_main:
;ServoMotorInterfacing.c,31 :: 		void main() {
;ServoMotorInterfacing.c,32 :: 		TRISB=0x00;
0x007E	0x1683      	BSF        STATUS, 5
0x007F	0x1303      	BCF        STATUS, 6
0x0080	0x0186      	CLRF       TRISB
;ServoMotorInterfacing.c,33 :: 		while(1){
L_main15:
;ServoMotorInterfacing.c,34 :: 		rotateservo0();
0x0081	0x2003      	CALL       _rotateservo0
;ServoMotorInterfacing.c,35 :: 		delay_ms(2000);
0x0082	0x3015      	MOVLW      21
0x0083	0x00FB      	MOVWF      R11
0x0084	0x304B      	MOVLW      75
0x0085	0x00FC      	MOVWF      R12
0x0086	0x30BE      	MOVLW      190
0x0087	0x00FD      	MOVWF      R13
L_main17:
0x0088	0x0BFD      	DECFSZ     R13, 1
0x0089	0x2888      	GOTO       L_main17
0x008A	0x0BFC      	DECFSZ     R12, 1
0x008B	0x2888      	GOTO       L_main17
0x008C	0x0BFB      	DECFSZ     R11, 1
0x008D	0x2888      	GOTO       L_main17
0x008E	0x0000      	NOP
;ServoMotorInterfacing.c,36 :: 		rotateservo90();
0x008F	0x2055      	CALL       _rotateservo90
;ServoMotorInterfacing.c,37 :: 		delay_ms(2000);
0x0090	0x3015      	MOVLW      21
0x0091	0x00FB      	MOVWF      R11
0x0092	0x304B      	MOVLW      75
0x0093	0x00FC      	MOVWF      R12
0x0094	0x30BE      	MOVLW      190
0x0095	0x00FD      	MOVWF      R13
L_main18:
0x0096	0x0BFD      	DECFSZ     R13, 1
0x0097	0x2896      	GOTO       L_main18
0x0098	0x0BFC      	DECFSZ     R12, 1
0x0099	0x2896      	GOTO       L_main18
0x009A	0x0BFB      	DECFSZ     R11, 1
0x009B	0x2896      	GOTO       L_main18
0x009C	0x0000      	NOP
;ServoMotorInterfacing.c,38 :: 		rotateservo180();
0x009D	0x202C      	CALL       _rotateservo180
;ServoMotorInterfacing.c,39 :: 		delay_ms(2000);
0x009E	0x3015      	MOVLW      21
0x009F	0x00FB      	MOVWF      R11
0x00A0	0x304B      	MOVLW      75
0x00A1	0x00FC      	MOVWF      R12
0x00A2	0x30BE      	MOVLW      190
0x00A3	0x00FD      	MOVWF      R13
L_main19:
0x00A4	0x0BFD      	DECFSZ     R13, 1
0x00A5	0x28A4      	GOTO       L_main19
0x00A6	0x0BFC      	DECFSZ     R12, 1
0x00A7	0x28A4      	GOTO       L_main19
0x00A8	0x0BFB      	DECFSZ     R11, 1
0x00A9	0x28A4      	GOTO       L_main19
0x00AA	0x0000      	NOP
;ServoMotorInterfacing.c,40 :: 		}
0x00AB	0x2881      	GOTO       L_main15
;ServoMotorInterfacing.c,41 :: 		}
L_end_main:
0x00AC	0x28AC      	GOTO       $+0
; end of _main
Symbol List:
//** Routines locations **
//ADDRESS    SIZE    PROCEDURE
//----------------------------------------------
0x0003      [41]    _rotateservo0
0x002C      [41]    _rotateservo180
0x0055      [41]    _rotateservo90
0x007E      [47]    _main
//** Variables locations ** 
//ADDRESS    SIZE    VARIABLE
//----------------------------------------------
0x0000       [1]    INDF
0x0003       [1]    STATUS
0x0004       [1]    FSR
0x0006       [1]    PORTB
0x000A       [1]    PCLATH
0x0020       [2]    ___DoICPAddr
0x0070       [1]    R0
0x0071       [1]    R1
0x0072       [1]    R2
0x0073       [1]    R3
0x0074       [1]    R4
0x0075       [1]    R5
0x0076       [1]    R6
0x0077       [1]    R7
0x0078       [1]    R8
0x0079       [1]    R9
0x007A       [1]    R10
0x007B       [1]    R11
0x007C       [1]    R12
0x007D       [1]    R13
0x007E       [1]    R14
0x007F       [1]    R15
0x0086       [1]    TRISB
