;  LST file generated by mikroListExporter - v.2.0 
; Date/Time: 9/21/2022 7:14:23 PM
;----------------------------------------------

;Address Opcode 	ASM
0x0000	0x2A9E      	GOTO       670
_Interrupt:
0x0004	0x00FF      	MOVWF      R15
0x0005	0x0E03      	SWAPF      STATUS, 0
0x0006	0x0183      	CLRF       STATUS
0x0007	0x1683      	BSF        STATUS, 5
0x0008	0x00C7      	MOVWF      ___saveSTATUS
0x0009	0x080A      	MOVF       PCLATH, 0
0x000A	0x00C8      	MOVWF      ___savePCLATH
0x000B	0x018A      	CLRF       PCLATH
;problem3_code.c,68 :: 		void Interrupt() iv 0x0004 ics ICS_AUTO
;problem3_code.c,70 :: 		if(PIR1.TMR2IF)
0x000C	0x1283      	BCF        STATUS, 5
0x000D	0x1C8C      	BTFSS      PIR1, 1
0x000E	0x2813      	GOTO       L_Interrupt23
;problem3_code.c,72 :: 		TOUT = 1;
0x000F	0x3001      	MOVLW      1
0x0010	0x00B8      	MOVWF      _TOUT
;problem3_code.c,73 :: 		T2CON.TMR2ON = 0; // stop timer
0x0011	0x1112      	BCF        T2CON, 2
;problem3_code.c,74 :: 		PIR1.TMR2IF  = 0; // Clear TMR0 interrupt flag
0x0012	0x108C      	BCF        PIR1, 1
;problem3_code.c,75 :: 		}
L_Interrupt23:
;problem3_code.c,76 :: 		}
L_end_Interrupt:
L__Interrupt42:
0x0013	0x1683      	BSF        STATUS, 5
0x0014	0x0848      	MOVF       ___savePCLATH, 0
0x0015	0x008A      	MOVWF      PCLATH
0x0016	0x0E47      	SWAPF      ___saveSTATUS, 0
0x0017	0x0083      	MOVWF      STATUS
0x0018	0x0EFF      	SWAPF      R15, 1
0x0019	0x0E7F      	SWAPF      R15, 0
0x001A	0x0009      	RETFIE
; end of _Interrupt
_Delay_50us:
;__Lib_Delays.c,19 :: 		void Delay_50us() {
;__Lib_Delays.c,20 :: 		Delay_us(50);
0x001B	0x3021      	MOVLW      33
0x001C	0x1283      	BCF        STATUS, 5
0x001D	0x1303      	BCF        STATUS, 6
0x001E	0x00FD      	MOVWF      R13
L_Delay_50us2:
0x001F	0x0BFD      	DECFSZ     R13, 1
0x0020	0x281F      	GOTO       L_Delay_50us2
;__Lib_Delays.c,21 :: 		}
L_end_Delay_50us:
0x0021	0x0008      	RETURN
; end of _Delay_50us
_Delay_1us:
;__Lib_Delays.c,7 :: 		void Delay_1us() {
;__Lib_Delays.c,8 :: 		Delay_us(1);
0x0022	0x0000      	NOP
0x0023	0x0000      	NOP
;__Lib_Delays.c,9 :: 		}
L_end_Delay_1us:
0x0024	0x0008      	RETURN
; end of _Delay_1us
_Delay_5500us:
;__Lib_Delays.c,31 :: 		void Delay_5500us() {
;__Lib_Delays.c,32 :: 		Delay_us(5500);
0x0025	0x300F      	MOVLW      15
0x0026	0x1283      	BCF        STATUS, 5
0x0027	0x1303      	BCF        STATUS, 6
0x0028	0x00FC      	MOVWF      R12
0x0029	0x3047      	MOVLW      71
0x002A	0x00FD      	MOVWF      R13
L_Delay_5500us5:
0x002B	0x0BFD      	DECFSZ     R13, 1
0x002C	0x282B      	GOTO       L_Delay_5500us5
0x002D	0x0BFC      	DECFSZ     R12, 1
0x002E	0x282B      	GOTO       L_Delay_5500us5
0x002F	0x0000      	NOP
0x0030	0x0000      	NOP
;__Lib_Delays.c,33 :: 		}
L_end_Delay_5500us:
0x0031	0x0008      	RETURN
; end of _Delay_5500us
_Lcd_Cmd:
;__Lib_Lcd.c,18 :: 		
;__Lib_Lcd.c,20 :: 		
0x0032	0x1683      	BSF        STATUS, 5
0x0033	0x1303      	BCF        STATUS, 6
0x0034	0x1BD7      	BTFSC      FARG_Lcd_Cmd_out_char, 7
0x0035	0x2839      	GOTO       L__Lcd_Cmd21
0x0036	0x1283      	BCF        STATUS, 5
0x0037	0x1286      	BCF        LCD_D7, BitPos(LCD_D7+0)
0x0038	0x283B      	GOTO       L__Lcd_Cmd22
L__Lcd_Cmd21:
0x0039	0x1283      	BCF        STATUS, 5
0x003A	0x1686      	BSF        LCD_D7, BitPos(LCD_D7+0)
L__Lcd_Cmd22:
;__Lib_Lcd.c,21 :: 		
0x003B	0x1683      	BSF        STATUS, 5
0x003C	0x1B57      	BTFSC      FARG_Lcd_Cmd_out_char, 6
0x003D	0x2841      	GOTO       L__Lcd_Cmd23
0x003E	0x1283      	BCF        STATUS, 5
0x003F	0x1206      	BCF        LCD_D6, BitPos(LCD_D6+0)
0x0040	0x2843      	GOTO       L__Lcd_Cmd24
L__Lcd_Cmd23:
0x0041	0x1283      	BCF        STATUS, 5
0x0042	0x1606      	BSF        LCD_D6, BitPos(LCD_D6+0)
L__Lcd_Cmd24:
;__Lib_Lcd.c,22 :: 		
0x0043	0x1683      	BSF        STATUS, 5
0x0044	0x1AD7      	BTFSC      FARG_Lcd_Cmd_out_char, 5
0x0045	0x2849      	GOTO       L__Lcd_Cmd25
0x0046	0x1283      	BCF        STATUS, 5
0x0047	0x1186      	BCF        LCD_D5, BitPos(LCD_D5+0)
0x0048	0x284B      	GOTO       L__Lcd_Cmd26
L__Lcd_Cmd25:
0x0049	0x1283      	BCF        STATUS, 5
0x004A	0x1586      	BSF        LCD_D5, BitPos(LCD_D5+0)
L__Lcd_Cmd26:
;__Lib_Lcd.c,23 :: 		
0x004B	0x1683      	BSF        STATUS, 5
0x004C	0x1A57      	BTFSC      FARG_Lcd_Cmd_out_char, 4
0x004D	0x2851      	GOTO       L__Lcd_Cmd27
0x004E	0x1283      	BCF        STATUS, 5
0x004F	0x1106      	BCF        LCD_D4, BitPos(LCD_D4+0)
0x0050	0x2853      	GOTO       L__Lcd_Cmd28
L__Lcd_Cmd27:
0x0051	0x1283      	BCF        STATUS, 5
0x0052	0x1506      	BSF        LCD_D4, BitPos(LCD_D4+0)
L__Lcd_Cmd28:
;__Lib_Lcd.c,25 :: 		
0x0053	0x1683      	BSF        STATUS, 5
0x0054	0x183D      	BTFSC      __Lib_Lcd_cmd_status, BitPos(__Lib_Lcd_cmd_status+0)
0x0055	0x2859      	GOTO       L__Lcd_Cmd29
0x0056	0x1283      	BCF        STATUS, 5
0x0057	0x1406      	BSF        LCD_RS, BitPos(LCD_RS+0)
0x0058	0x285B      	GOTO       L__Lcd_Cmd30
L__Lcd_Cmd29:
0x0059	0x1283      	BCF        STATUS, 5
0x005A	0x1006      	BCF        LCD_RS, BitPos(LCD_RS+0)
L__Lcd_Cmd30:
;__Lib_Lcd.c,28 :: 		
0x005B	0x1486      	BSF        LCD_EN, BitPos(LCD_EN+0)
;__Lib_Lcd.c,29 :: 		
0x005C	0x2022      	CALL       _Delay_1us
;__Lib_Lcd.c,30 :: 		
0x005D	0x1086      	BCF        LCD_EN, BitPos(LCD_EN+0)
;__Lib_Lcd.c,33 :: 		
0x005E	0x1683      	BSF        STATUS, 5
0x005F	0x19D7      	BTFSC      FARG_Lcd_Cmd_out_char, 3
0x0060	0x2864      	GOTO       L__Lcd_Cmd31
0x0061	0x1283      	BCF        STATUS, 5
0x0062	0x1286      	BCF        LCD_D7, BitPos(LCD_D7+0)
0x0063	0x2866      	GOTO       L__Lcd_Cmd32
L__Lcd_Cmd31:
0x0064	0x1283      	BCF        STATUS, 5
0x0065	0x1686      	BSF        LCD_D7, BitPos(LCD_D7+0)
L__Lcd_Cmd32:
;__Lib_Lcd.c,34 :: 		
0x0066	0x1683      	BSF        STATUS, 5
0x0067	0x1957      	BTFSC      FARG_Lcd_Cmd_out_char, 2
0x0068	0x286C      	GOTO       L__Lcd_Cmd33
0x0069	0x1283      	BCF        STATUS, 5
0x006A	0x1206      	BCF        LCD_D6, BitPos(LCD_D6+0)
0x006B	0x286E      	GOTO       L__Lcd_Cmd34
L__Lcd_Cmd33:
0x006C	0x1283      	BCF        STATUS, 5
0x006D	0x1606      	BSF        LCD_D6, BitPos(LCD_D6+0)
L__Lcd_Cmd34:
;__Lib_Lcd.c,35 :: 		
0x006E	0x1683      	BSF        STATUS, 5
0x006F	0x18D7      	BTFSC      FARG_Lcd_Cmd_out_char, 1
0x0070	0x2874      	GOTO       L__Lcd_Cmd35
0x0071	0x1283      	BCF        STATUS, 5
0x0072	0x1186      	BCF        LCD_D5, BitPos(LCD_D5+0)
0x0073	0x2876      	GOTO       L__Lcd_Cmd36
L__Lcd_Cmd35:
0x0074	0x1283      	BCF        STATUS, 5
0x0075	0x1586      	BSF        LCD_D5, BitPos(LCD_D5+0)
L__Lcd_Cmd36:
;__Lib_Lcd.c,36 :: 		
0x0076	0x1683      	BSF        STATUS, 5
0x0077	0x1857      	BTFSC      FARG_Lcd_Cmd_out_char, 0
0x0078	0x287C      	GOTO       L__Lcd_Cmd37
0x0079	0x1283      	BCF        STATUS, 5
0x007A	0x1106      	BCF        LCD_D4, BitPos(LCD_D4+0)
0x007B	0x287E      	GOTO       L__Lcd_Cmd38
L__Lcd_Cmd37:
0x007C	0x1283      	BCF        STATUS, 5
0x007D	0x1506      	BSF        LCD_D4, BitPos(LCD_D4+0)
L__Lcd_Cmd38:
;__Lib_Lcd.c,38 :: 		
0x007E	0x1683      	BSF        STATUS, 5
0x007F	0x183D      	BTFSC      __Lib_Lcd_cmd_status, BitPos(__Lib_Lcd_cmd_status+0)
0x0080	0x2884      	GOTO       L__Lcd_Cmd39
0x0081	0x1283      	BCF        STATUS, 5
0x0082	0x1406      	BSF        LCD_RS, BitPos(LCD_RS+0)
0x0083	0x2886      	GOTO       L__Lcd_Cmd40
L__Lcd_Cmd39:
0x0084	0x1283      	BCF        STATUS, 5
0x0085	0x1006      	BCF        LCD_RS, BitPos(LCD_RS+0)
L__Lcd_Cmd40:
;__Lib_Lcd.c,40 :: 		
0x0086	0x1486      	BSF        LCD_EN, BitPos(LCD_EN+0)
;__Lib_Lcd.c,41 :: 		
0x0087	0x2022      	CALL       _Delay_1us
;__Lib_Lcd.c,42 :: 		
0x0088	0x1086      	BCF        LCD_EN, BitPos(LCD_EN+0)
;__Lib_Lcd.c,44 :: 		
0x0089	0x1683      	BSF        STATUS, 5
0x008A	0x1C3D      	BTFSS      __Lib_Lcd_cmd_status, BitPos(__Lib_Lcd_cmd_status+0)
0x008B	0x288E      	GOTO       L_Lcd_Cmd0
;__Lib_Lcd.c,45 :: 		
0x008C	0x2025      	CALL       _Delay_5500us
0x008D	0x288F      	GOTO       L_Lcd_Cmd1
L_Lcd_Cmd0:
;__Lib_Lcd.c,47 :: 		
0x008E	0x201B      	CALL       _Delay_50us
L_Lcd_Cmd1:
;__Lib_Lcd.c,48 :: 		
L_end_Lcd_Cmd:
0x008F	0x0008      	RETURN
; end of _Lcd_Cmd
_Div_16X16_U:
;__Lib_Math.c,215 :: 		
;__Lib_Math.c,222 :: 		
0x0090	0x1283      	BCF        STATUS, 5
;__Lib_Math.c,223 :: 		
0x0091	0x1303      	BCF        STATUS, 6
;__Lib_Math.c,224 :: 		
0x0092	0x01F8      	CLRF       R8
;__Lib_Math.c,225 :: 		
0x0093	0x01F9      	CLRF       R9
;__Lib_Math.c,226 :: 		
0x0094	0x3010      	MOVLW      16
;__Lib_Math.c,227 :: 		
0x0095	0x00FC      	MOVWF      R12
;__Lib_Math.c,228 :: 		
0x0096	0x0D71      	RLF        R1, 0
;__Lib_Math.c,229 :: 		
0x0097	0x0DF8      	RLF        R8, 1
;__Lib_Math.c,230 :: 		
0x0098	0x0DF9      	RLF        R9, 1
;__Lib_Math.c,231 :: 		
0x0099	0x0874      	MOVF       R4, 0
;__Lib_Math.c,232 :: 		
0x009A	0x02F8      	SUBWF      R8, 1
;__Lib_Math.c,233 :: 		
0x009B	0x0875      	MOVF       R5, 0
;__Lib_Math.c,234 :: 		
0x009C	0x1C03      	BTFSS      STATUS, 0
;__Lib_Math.c,235 :: 		
0x009D	0x0F75      	INCFSZ     R5, 0
;__Lib_Math.c,236 :: 		
0x009E	0x02F9      	SUBWF      R9, 1
;__Lib_Math.c,237 :: 		
0x009F	0x1803      	BTFSC      STATUS, 0
;__Lib_Math.c,238 :: 		
0x00A0	0x28A8      	GOTO       $+8
;__Lib_Math.c,239 :: 		
0x00A1	0x0874      	MOVF       R4, 0
;__Lib_Math.c,240 :: 		
0x00A2	0x07F8      	ADDWF      R8, 1
;__Lib_Math.c,241 :: 		
0x00A3	0x0875      	MOVF       R5, 0
;__Lib_Math.c,242 :: 		
0x00A4	0x1803      	BTFSC      STATUS, 0
;__Lib_Math.c,243 :: 		
0x00A5	0x0F75      	INCFSZ     R5, 0
;__Lib_Math.c,244 :: 		
0x00A6	0x07F9      	ADDWF      R9, 1
;__Lib_Math.c,245 :: 		
0x00A7	0x1003      	BCF        STATUS, 0
;__Lib_Math.c,246 :: 		
0x00A8	0x0DF0      	RLF        R0, 1
;__Lib_Math.c,247 :: 		
0x00A9	0x0DF1      	RLF        R1, 1
;__Lib_Math.c,248 :: 		
0x00AA	0x0BFC      	DECFSZ     R12, 1
;__Lib_Math.c,249 :: 		
0x00AB	0x2896      	GOTO       $-21
;__Lib_Math.c,251 :: 		
L_end_Div_16X16_U:
0x00AC	0x0008      	RETURN
; end of _Div_16X16_U
_WordToStr:
;__Lib_Conversions.c,98 :: 		
;__Lib_Conversions.c,103 :: 		
0x00AD	0x1683      	BSF        STATUS, 5
0x00AE	0x1303      	BCF        STATUS, 6
0x00AF	0x01D5      	CLRF       WordToStr_len_L0
L_WordToStr11:
0x00B0	0x3005      	MOVLW      5
0x00B1	0x0255      	SUBWF      WordToStr_len_L0, 0
0x00B2	0x1803      	BTFSC      STATUS, 0
0x00B3	0x28BB      	GOTO       L_WordToStr12
;__Lib_Conversions.c,104 :: 		
0x00B4	0x0855      	MOVF       WordToStr_len_L0, 0
0x00B5	0x0754      	ADDWF      FARG_WordToStr_output, 0
0x00B6	0x0084      	MOVWF      FSR
0x00B7	0x3020      	MOVLW      32
0x00B8	0x0080      	MOVWF      INDF
;__Lib_Conversions.c,103 :: 		
0x00B9	0x0AD5      	INCF       WordToStr_len_L0, 1
;__Lib_Conversions.c,104 :: 		
0x00BA	0x28B0      	GOTO       L_WordToStr11
L_WordToStr12:
;__Lib_Conversions.c,105 :: 		
0x00BB	0x0855      	MOVF       WordToStr_len_L0, 0
0x00BC	0x0754      	ADDWF      FARG_WordToStr_output, 0
0x00BD	0x0084      	MOVWF      FSR
0x00BE	0x0180      	CLRF       INDF
0x00BF	0x03D5      	DECF       WordToStr_len_L0, 1
;__Lib_Conversions.c,107 :: 		
L_WordToStr14:
;__Lib_Conversions.c,108 :: 		
0x00C0	0x0855      	MOVF       WordToStr_len_L0, 0
0x00C1	0x0754      	ADDWF      FARG_WordToStr_output, 0
0x00C2	0x00D6      	MOVWF      FLOC__WordToStr
0x00C3	0x300A      	MOVLW      10
0x00C4	0x00F4      	MOVWF      R4
0x00C5	0x01F5      	CLRF       R4+1
0x00C6	0x0852      	MOVF       FARG_WordToStr_input, 0
0x00C7	0x00F0      	MOVWF      R0
0x00C8	0x0853      	MOVF       FARG_WordToStr_input+1, 0
0x00C9	0x00F1      	MOVWF      R0+1
0x00CA	0x2090      	CALL       _Div_16X16_U
0x00CB	0x0878      	MOVF       R8, 0
0x00CC	0x00F0      	MOVWF      R0
0x00CD	0x0879      	MOVF       R8+1, 0
0x00CE	0x00F1      	MOVWF      R0+1
0x00CF	0x3030      	MOVLW      48
0x00D0	0x07F0      	ADDWF      R0, 1
0x00D1	0x1683      	BSF        STATUS, 5
0x00D2	0x0856      	MOVF       FLOC__WordToStr, 0
0x00D3	0x0084      	MOVWF      FSR
0x00D4	0x0870      	MOVF       R0, 0
0x00D5	0x0080      	MOVWF      INDF
;__Lib_Conversions.c,109 :: 		
0x00D6	0x300A      	MOVLW      10
0x00D7	0x00F4      	MOVWF      R4
0x00D8	0x01F5      	CLRF       R4+1
0x00D9	0x0852      	MOVF       FARG_WordToStr_input, 0
0x00DA	0x00F0      	MOVWF      R0
0x00DB	0x0853      	MOVF       FARG_WordToStr_input+1, 0
0x00DC	0x00F1      	MOVWF      R0+1
0x00DD	0x2090      	CALL       _Div_16X16_U
0x00DE	0x0870      	MOVF       R0, 0
0x00DF	0x1683      	BSF        STATUS, 5
0x00E0	0x00D2      	MOVWF      FARG_WordToStr_input
0x00E1	0x0871      	MOVF       R0+1, 0
0x00E2	0x00D3      	MOVWF      FARG_WordToStr_input+1
;__Lib_Conversions.c,110 :: 		
0x00E3	0x3000      	MOVLW      0
0x00E4	0x0671      	XORWF      R0+1, 0
0x00E5	0x1D03      	BTFSS      STATUS, 2
0x00E6	0x28E9      	GOTO       L__WordToStr379
0x00E7	0x3000      	MOVLW      0
0x00E8	0x0670      	XORWF      R0, 0
L__WordToStr379:
0x00E9	0x1D03      	BTFSS      STATUS, 2
0x00EA	0x28EC      	GOTO       L_WordToStr16
;__Lib_Conversions.c,111 :: 		
0x00EB	0x28EE      	GOTO       L_WordToStr15
L_WordToStr16:
;__Lib_Conversions.c,112 :: 		
0x00EC	0x03D5      	DECF       WordToStr_len_L0, 1
;__Lib_Conversions.c,113 :: 		
0x00ED	0x28C0      	GOTO       L_WordToStr14
L_WordToStr15:
;__Lib_Conversions.c,114 :: 		
L_end_WordToStr:
0x00EE	0x0008      	RETURN
; end of _WordToStr
_Lcd_Chr_CP:
;__Lib_Lcd.c,50 :: 		
;__Lib_Lcd.c,52 :: 		
0x00EF	0x1683      	BSF        STATUS, 5
0x00F0	0x1303      	BCF        STATUS, 6
0x00F1	0x103D      	BCF        __Lib_Lcd_cmd_status, BitPos(__Lib_Lcd_cmd_status+0)
;__Lib_Lcd.c,53 :: 		
0x00F2	0x0852      	MOVF       FARG_Lcd_Chr_CP_out_char, 0
0x00F3	0x00D7      	MOVWF      FARG_Lcd_Cmd_out_char
0x00F4	0x2032      	CALL       _Lcd_Cmd
;__Lib_Lcd.c,54 :: 		
0x00F5	0x1683      	BSF        STATUS, 5
0x00F6	0x143D      	BSF        __Lib_Lcd_cmd_status, BitPos(__Lib_Lcd_cmd_status+0)
;__Lib_Lcd.c,55 :: 		
L_end_Lcd_Chr_CP:
0x00F7	0x0008      	RETURN
; end of _Lcd_Chr_CP
_UART1_Write:
;__Lib_UART_c67.c,39 :: 		
;__Lib_UART_c67.c,40 :: 		
L_UART1_Write3:
0x00F8	0x1683      	BSF        STATUS, 5
0x00F9	0x1303      	BCF        STATUS, 6
0x00FA	0x1898      	BTFSC      TXSTA, 1
0x00FB	0x28FE      	GOTO       L_UART1_Write4
;__Lib_UART_c67.c,41 :: 		
0x00FC	0x0000      	NOP
0x00FD	0x28F8      	GOTO       L_UART1_Write3
L_UART1_Write4:
;__Lib_UART_c67.c,42 :: 		
0x00FE	0x0852      	MOVF       FARG_UART1_Write_data_, 0
0x00FF	0x1283      	BCF        STATUS, 5
0x0100	0x0099      	MOVWF      TXREG
;__Lib_UART_c67.c,43 :: 		
L_end_UART1_Write:
0x0101	0x0008      	RETURN
; end of _UART1_Write
_____DoICP:
;__Lib_System.c,6 :: 		
;__Lib_System.c,9 :: 		
0x0102	0x1683      	BSF        STATUS, 5
0x0103	0x1303      	BCF        STATUS, 6
0x0104	0x0833      	MOVF       ___DoICPAddr+1, 0
0x0105	0x008A      	MOVWF      PCLATH
;__Lib_System.c,10 :: 		
0x0106	0x0832      	MOVF       ___DoICPAddr, 0
0x0107	0x0082      	MOVWF      PCL
;__Lib_System.c,12 :: 		
L_end_____DoICP:
0x0108	0x0008      	RETURN
; end of _____DoICP
_CheckResponse:
;problem3_code.c,36 :: 		unsigned short CheckResponse()
;problem3_code.c,38 :: 		TOUT = 0;
0x0109	0x1283      	BCF        STATUS, 5
0x010A	0x1303      	BCF        STATUS, 6
0x010B	0x01B8      	CLRF       _TOUT
;problem3_code.c,39 :: 		TMR2 = 0;
0x010C	0x0191      	CLRF       TMR2
;problem3_code.c,40 :: 		T2CON.TMR2ON = 1;      // start timer
0x010D	0x1512      	BSF        T2CON, 2
;problem3_code.c,41 :: 		while(!Data && !TOUT);
L_CheckResponse2:
0x010E	0x1808      	BTFSC      RD0_bit, BitPos(RD0_bit+0)
0x010F	0x2914      	GOTO       L_CheckResponse3
0x0110	0x0838      	MOVF       _TOUT, 0
0x0111	0x1D03      	BTFSS      STATUS, 2
0x0112	0x2914      	GOTO       L_CheckResponse3
L__CheckResponse35:
0x0113	0x290E      	GOTO       L_CheckResponse2
L_CheckResponse3:
;problem3_code.c,42 :: 		if (TOUT) return 0;
0x0114	0x0838      	MOVF       _TOUT, 0
0x0115	0x1903      	BTFSC      STATUS, 2
0x0116	0x2919      	GOTO       L_CheckResponse6
0x0117	0x01F0      	CLRF       R0
0x0118	0x2928      	GOTO       L_end_CheckResponse
L_CheckResponse6:
;problem3_code.c,45 :: 		TMR2 = 0;
0x0119	0x0191      	CLRF       TMR2
;problem3_code.c,46 :: 		while(Data && !TOUT);
L_CheckResponse8:
0x011A	0x1C08      	BTFSS      RD0_bit, BitPos(RD0_bit+0)
0x011B	0x2920      	GOTO       L_CheckResponse9
0x011C	0x0838      	MOVF       _TOUT, 0
0x011D	0x1D03      	BTFSS      STATUS, 2
0x011E	0x2920      	GOTO       L_CheckResponse9
L__CheckResponse34:
0x011F	0x291A      	GOTO       L_CheckResponse8
L_CheckResponse9:
;problem3_code.c,47 :: 		if (TOUT) return 0;
0x0120	0x0838      	MOVF       _TOUT, 0
0x0121	0x1903      	BTFSC      STATUS, 2
0x0122	0x2925      	GOTO       L_CheckResponse12
0x0123	0x01F0      	CLRF       R0
0x0124	0x2928      	GOTO       L_end_CheckResponse
L_CheckResponse12:
;problem3_code.c,50 :: 		T2CON.TMR2ON = 0;
0x0125	0x1112      	BCF        T2CON, 2
;problem3_code.c,51 :: 		return 1;
0x0126	0x3001      	MOVLW      1
0x0127	0x00F0      	MOVWF      R0
;problem3_code.c,54 :: 		}
L_end_CheckResponse:
0x0128	0x0008      	RETURN
; end of _CheckResponse
_UART1_Write_Text:
;__Lib_UART_c67.c,47 :: 		
;__Lib_UART_c67.c,48 :: 		
0x0129	0x1683      	BSF        STATUS, 5
0x012A	0x1303      	BCF        STATUS, 6
0x012B	0x01CB      	CLRF       UART1_Write_Text_counter_L0
;__Lib_UART_c67.c,50 :: 		
0x012C	0x0849      	MOVF       FARG_UART1_Write_Text_uart_text, 0
0x012D	0x0084      	MOVWF      FSR
0x012E	0x0800      	MOVF       INDF, 0
0x012F	0x00CA      	MOVWF      UART1_Write_Text_data__L0
;__Lib_UART_c67.c,51 :: 		
L_UART1_Write_Text5:
0x0130	0x084A      	MOVF       UART1_Write_Text_data__L0, 0
0x0131	0x3A00      	XORLW      0
0x0132	0x1903      	BTFSC      STATUS, 2
0x0133	0x293F      	GOTO       L_UART1_Write_Text6
;__Lib_UART_c67.c,52 :: 		
0x0134	0x084A      	MOVF       UART1_Write_Text_data__L0, 0
0x0135	0x00D2      	MOVWF      FARG_UART1_Write_data_
0x0136	0x20F8      	CALL       _UART1_Write
;__Lib_UART_c67.c,53 :: 		
0x0137	0x1683      	BSF        STATUS, 5
0x0138	0x0ACB      	INCF       UART1_Write_Text_counter_L0, 1
;__Lib_UART_c67.c,54 :: 		
0x0139	0x084B      	MOVF       UART1_Write_Text_counter_L0, 0
0x013A	0x0749      	ADDWF      FARG_UART1_Write_Text_uart_text, 0
0x013B	0x0084      	MOVWF      FSR
0x013C	0x0800      	MOVF       INDF, 0
0x013D	0x00CA      	MOVWF      UART1_Write_Text_data__L0
;__Lib_UART_c67.c,55 :: 		
0x013E	0x2930      	GOTO       L_UART1_Write_Text5
L_UART1_Write_Text6:
;__Lib_UART_c67.c,56 :: 		
L_end_UART1_Write_Text:
0x013F	0x0008      	RETURN
; end of _UART1_Write_Text
_Lcd_Out:
;__Lib_Lcd.c,184 :: 		
;__Lib_Lcd.c,187 :: 		
0x0140	0x2952      	GOTO       L_Lcd_Out11
;__Lib_Lcd.c,188 :: 		
L_Lcd_Out13:
0x0141	0x3080      	MOVLW      128
0x0142	0x1683      	BSF        STATUS, 5
0x0143	0x1303      	BCF        STATUS, 6
0x0144	0x00C9      	MOVWF      FARG_Lcd_Out_row
0x0145	0x2965      	GOTO       L_Lcd_Out12
;__Lib_Lcd.c,189 :: 		
L_Lcd_Out14:
0x0146	0x30C0      	MOVLW      192
0x0147	0x00C9      	MOVWF      FARG_Lcd_Out_row
0x0148	0x2965      	GOTO       L_Lcd_Out12
;__Lib_Lcd.c,190 :: 		
L_Lcd_Out15:
0x0149	0x3094      	MOVLW      148
0x014A	0x00C9      	MOVWF      FARG_Lcd_Out_row
0x014B	0x2965      	GOTO       L_Lcd_Out12
;__Lib_Lcd.c,191 :: 		
L_Lcd_Out16:
0x014C	0x30D4      	MOVLW      212
0x014D	0x00C9      	MOVWF      FARG_Lcd_Out_row
0x014E	0x2965      	GOTO       L_Lcd_Out12
;__Lib_Lcd.c,192 :: 		
L_Lcd_Out17:
0x014F	0x3080      	MOVLW      128
0x0150	0x00C9      	MOVWF      FARG_Lcd_Out_row
;__Lib_Lcd.c,193 :: 		
0x0151	0x2965      	GOTO       L_Lcd_Out12
L_Lcd_Out11:
0x0152	0x1683      	BSF        STATUS, 5
0x0153	0x1303      	BCF        STATUS, 6
0x0154	0x0849      	MOVF       FARG_Lcd_Out_row, 0
0x0155	0x3A01      	XORLW      1
0x0156	0x1903      	BTFSC      STATUS, 2
0x0157	0x2941      	GOTO       L_Lcd_Out13
0x0158	0x0849      	MOVF       FARG_Lcd_Out_row, 0
0x0159	0x3A02      	XORLW      2
0x015A	0x1903      	BTFSC      STATUS, 2
0x015B	0x2946      	GOTO       L_Lcd_Out14
0x015C	0x0849      	MOVF       FARG_Lcd_Out_row, 0
0x015D	0x3A03      	XORLW      3
0x015E	0x1903      	BTFSC      STATUS, 2
0x015F	0x2949      	GOTO       L_Lcd_Out15
0x0160	0x0849      	MOVF       FARG_Lcd_Out_row, 0
0x0161	0x3A04      	XORLW      4
0x0162	0x1903      	BTFSC      STATUS, 2
0x0163	0x294C      	GOTO       L_Lcd_Out16
0x0164	0x294F      	GOTO       L_Lcd_Out17
L_Lcd_Out12:
;__Lib_Lcd.c,194 :: 		
0x0165	0x034A      	DECF       FARG_Lcd_Out_column, 0
0x0166	0x00F0      	MOVWF      R0
0x0167	0x0849      	MOVF       FARG_Lcd_Out_row, 0
0x0168	0x07F0      	ADDWF      R0, 1
0x0169	0x0870      	MOVF       R0, 0
0x016A	0x00C9      	MOVWF      FARG_Lcd_Out_row
;__Lib_Lcd.c,196 :: 		
0x016B	0x0870      	MOVF       R0, 0
0x016C	0x00D7      	MOVWF      FARG_Lcd_Cmd_out_char
0x016D	0x2032      	CALL       _Lcd_Cmd
;__Lib_Lcd.c,197 :: 		
0x016E	0x1683      	BSF        STATUS, 5
0x016F	0x103D      	BCF        __Lib_Lcd_cmd_status, BitPos(__Lib_Lcd_cmd_status+0)
;__Lib_Lcd.c,198 :: 		
0x0170	0x01CC      	CLRF       Lcd_Out_i_L0
;__Lib_Lcd.c,199 :: 		
L_Lcd_Out18:
0x0171	0x084C      	MOVF       Lcd_Out_i_L0, 0
0x0172	0x074B      	ADDWF      FARG_Lcd_Out_text, 0
0x0173	0x0084      	MOVWF      FSR
0x0174	0x0800      	MOVF       INDF, 0
0x0175	0x1903      	BTFSC      STATUS, 2
0x0176	0x297F      	GOTO       L_Lcd_Out19
;__Lib_Lcd.c,200 :: 		
0x0177	0x084C      	MOVF       Lcd_Out_i_L0, 0
0x0178	0x074B      	ADDWF      FARG_Lcd_Out_text, 0
0x0179	0x0084      	MOVWF      FSR
0x017A	0x0800      	MOVF       INDF, 0
0x017B	0x00D2      	MOVWF      FARG_Lcd_Chr_CP_out_char
0x017C	0x20EF      	CALL       _Lcd_Chr_CP
0x017D	0x0ACC      	INCF       Lcd_Out_i_L0, 1
0x017E	0x2971      	GOTO       L_Lcd_Out18
L_Lcd_Out19:
;__Lib_Lcd.c,201 :: 		
0x017F	0x143D      	BSF        __Lib_Lcd_cmd_status, BitPos(__Lib_Lcd_cmd_status+0)
;__Lib_Lcd.c,202 :: 		
L_end_Lcd_Out:
0x0180	0x0008      	RETURN
; end of _Lcd_Out
_IntToStr:
;__Lib_Conversions.c,195 :: 		
;__Lib_Conversions.c,201 :: 		
0x0181	0x1683      	BSF        STATUS, 5
0x0182	0x1303      	BCF        STATUS, 6
0x0183	0x01CE      	CLRF       IntToStr_negative_L0
0x0184	0x01CF      	CLRF       IntToStr_negative_L0+1
;__Lib_Conversions.c,202 :: 		
0x0185	0x0849      	MOVF       FARG_IntToStr_input, 0
0x0186	0x00D0      	MOVWF      IntToStr_inword_L0
0x0187	0x084A      	MOVF       FARG_IntToStr_input+1, 0
0x0188	0x00D1      	MOVWF      IntToStr_inword_L0+1
;__Lib_Conversions.c,203 :: 		
0x0189	0x3080      	MOVLW      128
0x018A	0x064A      	XORWF      FARG_IntToStr_input+1, 0
0x018B	0x00F0      	MOVWF      R0
0x018C	0x3080      	MOVLW      128
0x018D	0x0270      	SUBWF      R0, 0
0x018E	0x1D03      	BTFSS      STATUS, 2
0x018F	0x2992      	GOTO       L__IntToStr387
0x0190	0x3000      	MOVLW      0
0x0191	0x0249      	SUBWF      FARG_IntToStr_input, 0
L__IntToStr387:
0x0192	0x1803      	BTFSC      STATUS, 0
0x0193	0x29A0      	GOTO       L_IntToStr37
;__Lib_Conversions.c,204 :: 		
0x0194	0x3001      	MOVLW      1
0x0195	0x00CE      	MOVWF      IntToStr_negative_L0
0x0196	0x3000      	MOVLW      0
0x0197	0x00CF      	MOVWF      IntToStr_negative_L0+1
;__Lib_Conversions.c,205 :: 		
0x0198	0x0849      	MOVF       FARG_IntToStr_input, 0
0x0199	0x3C00      	SUBLW      0
0x019A	0x00D0      	MOVWF      IntToStr_inword_L0
0x019B	0x084A      	MOVF       FARG_IntToStr_input+1, 0
0x019C	0x1C03      	BTFSS      STATUS, 0
0x019D	0x3E01      	ADDLW      1
0x019E	0x01D1      	CLRF       IntToStr_inword_L0+1
0x019F	0x02D1      	SUBWF      IntToStr_inword_L0+1, 1
;__Lib_Conversions.c,206 :: 		
L_IntToStr37:
;__Lib_Conversions.c,207 :: 		
0x01A0	0x0850      	MOVF       IntToStr_inword_L0, 0
0x01A1	0x00D2      	MOVWF      FARG_WordToStr_input
0x01A2	0x0851      	MOVF       IntToStr_inword_L0+1, 0
0x01A3	0x00D3      	MOVWF      FARG_WordToStr_input+1
0x01A4	0x084B      	MOVF       FARG_IntToStr_output, 0
0x01A5	0x00D4      	MOVWF      FARG_WordToStr_output
0x01A6	0x20AD      	CALL       _WordToStr
;__Lib_Conversions.c,209 :: 		
0x01A7	0x3006      	MOVLW      6
0x01A8	0x00CC      	MOVWF      IntToStr_i_L0
0x01A9	0x3000      	MOVLW      0
0x01AA	0x00CD      	MOVWF      IntToStr_i_L0+1
;__Lib_Conversions.c,210 :: 		
L_IntToStr38:
0x01AB	0x084D      	MOVF       IntToStr_i_L0+1, 0
0x01AC	0x3C00      	SUBLW      0
0x01AD	0x1D03      	BTFSS      STATUS, 2
0x01AE	0x29B1      	GOTO       L__IntToStr388
0x01AF	0x084C      	MOVF       IntToStr_i_L0, 0
0x01B0	0x3C00      	SUBLW      0
L__IntToStr388:
0x01B1	0x1803      	BTFSC      STATUS, 0
0x01B2	0x29CC      	GOTO       L_IntToStr39
;__Lib_Conversions.c,211 :: 		
0x01B3	0x084C      	MOVF       IntToStr_i_L0, 0
0x01B4	0x074B      	ADDWF      FARG_IntToStr_output, 0
0x01B5	0x00F2      	MOVWF      R2
0x01B6	0x3001      	MOVLW      1
0x01B7	0x024C      	SUBWF      IntToStr_i_L0, 0
0x01B8	0x00F0      	MOVWF      R0
0x01B9	0x3000      	MOVLW      0
0x01BA	0x1C03      	BTFSS      STATUS, 0
0x01BB	0x3E01      	ADDLW      1
0x01BC	0x024D      	SUBWF      IntToStr_i_L0+1, 0
0x01BD	0x00F1      	MOVWF      R0+1
0x01BE	0x0870      	MOVF       R0, 0
0x01BF	0x074B      	ADDWF      FARG_IntToStr_output, 0
0x01C0	0x0084      	MOVWF      FSR
0x01C1	0x0800      	MOVF       INDF, 0
0x01C2	0x00F0      	MOVWF      R0
0x01C3	0x0872      	MOVF       R2, 0
0x01C4	0x0084      	MOVWF      FSR
0x01C5	0x0870      	MOVF       R0, 0
0x01C6	0x0080      	MOVWF      INDF
;__Lib_Conversions.c,212 :: 		
0x01C7	0x3001      	MOVLW      1
0x01C8	0x02CC      	SUBWF      IntToStr_i_L0, 1
0x01C9	0x1C03      	BTFSS      STATUS, 0
0x01CA	0x03CD      	DECF       IntToStr_i_L0+1, 1
;__Lib_Conversions.c,213 :: 		
0x01CB	0x29AB      	GOTO       L_IntToStr38
L_IntToStr39:
;__Lib_Conversions.c,214 :: 		
0x01CC	0x084B      	MOVF       FARG_IntToStr_output, 0
0x01CD	0x0084      	MOVWF      FSR
0x01CE	0x3020      	MOVLW      32
0x01CF	0x0080      	MOVWF      INDF
;__Lib_Conversions.c,215 :: 		
0x01D0	0x084E      	MOVF       IntToStr_negative_L0, 0
0x01D1	0x044F      	IORWF      IntToStr_negative_L0+1, 0
0x01D2	0x1903      	BTFSC      STATUS, 2
0x01D3	0x29EA      	GOTO       L_IntToStr40
;__Lib_Conversions.c,216 :: 		
0x01D4	0x01CC      	CLRF       IntToStr_i_L0
0x01D5	0x01CD      	CLRF       IntToStr_i_L0+1
;__Lib_Conversions.c,217 :: 		
L_IntToStr41:
0x01D6	0x084C      	MOVF       IntToStr_i_L0, 0
0x01D7	0x074B      	ADDWF      FARG_IntToStr_output, 0
0x01D8	0x0084      	MOVWF      FSR
0x01D9	0x0800      	MOVF       INDF, 0
0x01DA	0x3A20      	XORLW      32
0x01DB	0x1D03      	BTFSS      STATUS, 2
0x01DC	0x29E1      	GOTO       L_IntToStr42
0x01DD	0x0ACC      	INCF       IntToStr_i_L0, 1
0x01DE	0x1903      	BTFSC      STATUS, 2
0x01DF	0x0ACD      	INCF       IntToStr_i_L0+1, 1
0x01E0	0x29D6      	GOTO       L_IntToStr41
L_IntToStr42:
;__Lib_Conversions.c,218 :: 		
0x01E1	0x3001      	MOVLW      1
0x01E2	0x02CC      	SUBWF      IntToStr_i_L0, 1
0x01E3	0x1C03      	BTFSS      STATUS, 0
0x01E4	0x03CD      	DECF       IntToStr_i_L0+1, 1
;__Lib_Conversions.c,219 :: 		
0x01E5	0x084C      	MOVF       IntToStr_i_L0, 0
0x01E6	0x074B      	ADDWF      FARG_IntToStr_output, 0
0x01E7	0x0084      	MOVWF      FSR
0x01E8	0x302D      	MOVLW      45
0x01E9	0x0080      	MOVWF      INDF
L_IntToStr40:
;__Lib_Conversions.c,220 :: 		
L_end_IntToStr:
0x01EA	0x0008      	RETURN
; end of _IntToStr
_ReadByte:
;problem3_code.c,55 :: 		unsigned short ReadByte()
;problem3_code.c,57 :: 		unsigned short num = 0, t;
0x01EB	0x1683      	BSF        STATUS, 5
0x01EC	0x1303      	BCF        STATUS, 6
0x01ED	0x01C9      	CLRF       ReadByte_num_L0
;problem3_code.c,58 :: 		DataDir = 1;
0x01EE	0x1408      	BSF        TRISD0_bit, BitPos(TRISD0_bit+0)
;problem3_code.c,59 :: 		for (i=0; i<8; i++)
0x01EF	0x01BC      	CLRF       _i
L_ReadByte14:
0x01F0	0x3008      	MOVLW      8
0x01F1	0x023C      	SUBWF      _i, 0
0x01F2	0x1803      	BTFSC      STATUS, 0
0x01F3	0x2A18      	GOTO       L_ReadByte15
;problem3_code.c,61 :: 		while(!Data);
L_ReadByte17:
0x01F4	0x1283      	BCF        STATUS, 5
0x01F5	0x1808      	BTFSC      RD0_bit, BitPos(RD0_bit+0)
0x01F6	0x29F8      	GOTO       L_ReadByte18
0x01F7	0x29F4      	GOTO       L_ReadByte17
L_ReadByte18:
;problem3_code.c,62 :: 		Delay_us(40);
0x01F8	0x301A      	MOVLW      26
0x01F9	0x00FD      	MOVWF      R13
L_ReadByte19:
0x01FA	0x0BFD      	DECFSZ     R13, 1
0x01FB	0x29FA      	GOTO       L_ReadByte19
0x01FC	0x0000      	NOP
;problem3_code.c,63 :: 		if(Data) num |= 1<<(7-i);
0x01FD	0x1C08      	BTFSS      RD0_bit, BitPos(RD0_bit+0)
0x01FE	0x2A11      	GOTO       L_ReadByte20
0x01FF	0x1683      	BSF        STATUS, 5
0x0200	0x083C      	MOVF       _i, 0
0x0201	0x3C07      	SUBLW      7
0x0202	0x00F0      	MOVWF      R0
0x0203	0x0870      	MOVF       R0, 0
0x0204	0x00F1      	MOVWF      R1
0x0205	0x3001      	MOVLW      1
0x0206	0x00F0      	MOVWF      R0
0x0207	0x0871      	MOVF       R1, 0
L__ReadByte39:
0x0208	0x1903      	BTFSC      STATUS, 2
0x0209	0x2A0E      	GOTO       L__ReadByte40
0x020A	0x0DF0      	RLF        R0, 1
0x020B	0x1070      	BCF        R0, 0
0x020C	0x3EFF      	ADDLW      255
0x020D	0x2A08      	GOTO       L__ReadByte39
L__ReadByte40:
0x020E	0x1683      	BSF        STATUS, 5
0x020F	0x0870      	MOVF       R0, 0
0x0210	0x04C9      	IORWF      ReadByte_num_L0, 1
L_ReadByte20:
;problem3_code.c,64 :: 		while(Data);
L_ReadByte21:
0x0211	0x1283      	BCF        STATUS, 5
0x0212	0x1C08      	BTFSS      RD0_bit, BitPos(RD0_bit+0)
0x0213	0x2A15      	GOTO       L_ReadByte22
0x0214	0x2A11      	GOTO       L_ReadByte21
L_ReadByte22:
;problem3_code.c,59 :: 		for (i=0; i<8; i++)
0x0215	0x1683      	BSF        STATUS, 5
0x0216	0x0ABC      	INCF       _i, 1
;problem3_code.c,65 :: 		}
0x0217	0x29F0      	GOTO       L_ReadByte14
L_ReadByte15:
;problem3_code.c,66 :: 		return num;
0x0218	0x0849      	MOVF       ReadByte_num_L0, 0
0x0219	0x00F0      	MOVWF      R0
;problem3_code.c,67 :: 		}
L_end_ReadByte:
0x021A	0x0008      	RETURN
; end of _ReadByte
_Lcd_Init:
;__Lib_Lcd.c,84 :: 		
;__Lib_Lcd.c,86 :: 		
0x021B	0x1683      	BSF        STATUS, 5
0x021C	0x1303      	BCF        STATUS, 6
0x021D	0x1086      	BCF        LCD_EN_Direction, BitPos(LCD_EN_Direction+0)
;__Lib_Lcd.c,87 :: 		
0x021E	0x1006      	BCF        LCD_RS_Direction, BitPos(LCD_RS_Direction+0)
;__Lib_Lcd.c,88 :: 		
0x021F	0x1106      	BCF        LCD_D4_Direction, BitPos(LCD_D4_Direction+0)
;__Lib_Lcd.c,89 :: 		
0x0220	0x1186      	BCF        LCD_D5_Direction, BitPos(LCD_D5_Direction+0)
;__Lib_Lcd.c,90 :: 		
0x0221	0x1206      	BCF        LCD_D6_Direction, BitPos(LCD_D6_Direction+0)
;__Lib_Lcd.c,91 :: 		
0x0222	0x1286      	BCF        LCD_D7_Direction, BitPos(LCD_D7_Direction+0)
;__Lib_Lcd.c,93 :: 		
0x0223	0x1283      	BCF        STATUS, 5
0x0224	0x1086      	BCF        LCD_EN, BitPos(LCD_EN+0)
;__Lib_Lcd.c,94 :: 		
0x0225	0x1006      	BCF        LCD_RS, BitPos(LCD_RS+0)
;__Lib_Lcd.c,95 :: 		
0x0226	0x1286      	BCF        LCD_D7, BitPos(LCD_D7+0)
;__Lib_Lcd.c,96 :: 		
0x0227	0x1206      	BCF        LCD_D6, BitPos(LCD_D6+0)
;__Lib_Lcd.c,97 :: 		
0x0228	0x1186      	BCF        LCD_D5, BitPos(LCD_D5+0)
;__Lib_Lcd.c,98 :: 		
0x0229	0x1106      	BCF        LCD_D4, BitPos(LCD_D4+0)
;__Lib_Lcd.c,100 :: 		
0x022A	0x2025      	CALL       _Delay_5500us
;__Lib_Lcd.c,101 :: 		
0x022B	0x2025      	CALL       _Delay_5500us
;__Lib_Lcd.c,102 :: 		
0x022C	0x2025      	CALL       _Delay_5500us
;__Lib_Lcd.c,105 :: 		
0x022D	0x1586      	BSF        LCD_D5, BitPos(LCD_D5+0)
;__Lib_Lcd.c,106 :: 		
0x022E	0x1506      	BSF        LCD_D4, BitPos(LCD_D4+0)
;__Lib_Lcd.c,107 :: 		
0x022F	0x1486      	BSF        LCD_EN, BitPos(LCD_EN+0)
;__Lib_Lcd.c,108 :: 		
0x0230	0x2022      	CALL       _Delay_1us
;__Lib_Lcd.c,109 :: 		
0x0231	0x1086      	BCF        LCD_EN, BitPos(LCD_EN+0)
;__Lib_Lcd.c,110 :: 		
0x0232	0x2025      	CALL       _Delay_5500us
;__Lib_Lcd.c,112 :: 		
0x0233	0x1486      	BSF        LCD_EN, BitPos(LCD_EN+0)
;__Lib_Lcd.c,113 :: 		
0x0234	0x2022      	CALL       _Delay_1us
;__Lib_Lcd.c,114 :: 		
0x0235	0x1086      	BCF        LCD_EN, BitPos(LCD_EN+0)
;__Lib_Lcd.c,115 :: 		
0x0236	0x2025      	CALL       _Delay_5500us
;__Lib_Lcd.c,117 :: 		
0x0237	0x1486      	BSF        LCD_EN, BitPos(LCD_EN+0)
;__Lib_Lcd.c,118 :: 		
0x0238	0x2022      	CALL       _Delay_1us
;__Lib_Lcd.c,119 :: 		
0x0239	0x1086      	BCF        LCD_EN, BitPos(LCD_EN+0)
;__Lib_Lcd.c,120 :: 		
0x023A	0x2025      	CALL       _Delay_5500us
;__Lib_Lcd.c,123 :: 		
0x023B	0x1106      	BCF        LCD_D4, BitPos(LCD_D4+0)
;__Lib_Lcd.c,124 :: 		
0x023C	0x1486      	BSF        LCD_EN, BitPos(LCD_EN+0)
;__Lib_Lcd.c,125 :: 		
0x023D	0x2022      	CALL       _Delay_1us
;__Lib_Lcd.c,126 :: 		
0x023E	0x1086      	BCF        LCD_EN, BitPos(LCD_EN+0)
;__Lib_Lcd.c,127 :: 		
0x023F	0x2025      	CALL       _Delay_5500us
;__Lib_Lcd.c,130 :: 		
0x0240	0x1486      	BSF        LCD_EN, BitPos(LCD_EN+0)
;__Lib_Lcd.c,131 :: 		
0x0241	0x2022      	CALL       _Delay_1us
;__Lib_Lcd.c,132 :: 		
0x0242	0x1086      	BCF        LCD_EN, BitPos(LCD_EN+0)
;__Lib_Lcd.c,134 :: 		
0x0243	0x1186      	BCF        LCD_D5, BitPos(LCD_D5+0)
;__Lib_Lcd.c,135 :: 		
0x0244	0x1686      	BSF        LCD_D7, BitPos(LCD_D7+0)
;__Lib_Lcd.c,136 :: 		
0x0245	0x1486      	BSF        LCD_EN, BitPos(LCD_EN+0)
;__Lib_Lcd.c,137 :: 		
0x0246	0x2022      	CALL       _Delay_1us
;__Lib_Lcd.c,138 :: 		
0x0247	0x1086      	BCF        LCD_EN, BitPos(LCD_EN+0)
;__Lib_Lcd.c,139 :: 		
0x0248	0x2025      	CALL       _Delay_5500us
;__Lib_Lcd.c,142 :: 		
0x0249	0x1286      	BCF        LCD_D7, BitPos(LCD_D7+0)
;__Lib_Lcd.c,143 :: 		
0x024A	0x1506      	BSF        LCD_D4, BitPos(LCD_D4+0)
;__Lib_Lcd.c,144 :: 		
0x024B	0x1486      	BSF        LCD_EN, BitPos(LCD_EN+0)
;__Lib_Lcd.c,145 :: 		
0x024C	0x2022      	CALL       _Delay_1us
;__Lib_Lcd.c,146 :: 		
0x024D	0x1086      	BCF        LCD_EN, BitPos(LCD_EN+0)
;__Lib_Lcd.c,148 :: 		
0x024E	0x1106      	BCF        LCD_D4, BitPos(LCD_D4+0)
;__Lib_Lcd.c,149 :: 		
0x024F	0x1486      	BSF        LCD_EN, BitPos(LCD_EN+0)
;__Lib_Lcd.c,150 :: 		
0x0250	0x2022      	CALL       _Delay_1us
;__Lib_Lcd.c,151 :: 		
0x0251	0x1086      	BCF        LCD_EN, BitPos(LCD_EN+0)
;__Lib_Lcd.c,152 :: 		
0x0252	0x2025      	CALL       _Delay_5500us
;__Lib_Lcd.c,155 :: 		
0x0253	0x1486      	BSF        LCD_EN, BitPos(LCD_EN+0)
;__Lib_Lcd.c,156 :: 		
0x0254	0x2022      	CALL       _Delay_1us
;__Lib_Lcd.c,157 :: 		
0x0255	0x1086      	BCF        LCD_EN, BitPos(LCD_EN+0)
;__Lib_Lcd.c,159 :: 		
0x0256	0x1506      	BSF        LCD_D4, BitPos(LCD_D4+0)
;__Lib_Lcd.c,160 :: 		
0x0257	0x1486      	BSF        LCD_EN, BitPos(LCD_EN+0)
;__Lib_Lcd.c,161 :: 		
0x0258	0x2022      	CALL       _Delay_1us
;__Lib_Lcd.c,162 :: 		
0x0259	0x1086      	BCF        LCD_EN, BitPos(LCD_EN+0)
;__Lib_Lcd.c,163 :: 		
0x025A	0x2025      	CALL       _Delay_5500us
;__Lib_Lcd.c,166 :: 		
0x025B	0x1106      	BCF        LCD_D4, BitPos(LCD_D4+0)
;__Lib_Lcd.c,167 :: 		
0x025C	0x1486      	BSF        LCD_EN, BitPos(LCD_EN+0)
;__Lib_Lcd.c,168 :: 		
0x025D	0x2022      	CALL       _Delay_1us
;__Lib_Lcd.c,169 :: 		
0x025E	0x1086      	BCF        LCD_EN, BitPos(LCD_EN+0)
;__Lib_Lcd.c,171 :: 		
0x025F	0x1686      	BSF        LCD_D7, BitPos(LCD_D7+0)
;__Lib_Lcd.c,172 :: 		
0x0260	0x1606      	BSF        LCD_D6, BitPos(LCD_D6+0)
;__Lib_Lcd.c,173 :: 		
0x0261	0x1586      	BSF        LCD_D5, BitPos(LCD_D5+0)
;__Lib_Lcd.c,174 :: 		
0x0262	0x1506      	BSF        LCD_D4, BitPos(LCD_D4+0)
;__Lib_Lcd.c,175 :: 		
0x0263	0x1486      	BSF        LCD_EN, BitPos(LCD_EN+0)
;__Lib_Lcd.c,176 :: 		
0x0264	0x2022      	CALL       _Delay_1us
;__Lib_Lcd.c,177 :: 		
0x0265	0x1086      	BCF        LCD_EN, BitPos(LCD_EN+0)
;__Lib_Lcd.c,179 :: 		
0x0266	0x2025      	CALL       _Delay_5500us
;__Lib_Lcd.c,181 :: 		
0x0267	0x1683      	BSF        STATUS, 5
0x0268	0x143D      	BSF        __Lib_Lcd_cmd_status, BitPos(__Lib_Lcd_cmd_status+0)
;__Lib_Lcd.c,182 :: 		
L_end_Lcd_Init:
0x0269	0x0008      	RETURN
; end of _Lcd_Init
_StartSignal:
;problem3_code.c,27 :: 		void StartSignal()
;problem3_code.c,29 :: 		DataDir = 0;     // Data port is output
0x026A	0x1683      	BSF        STATUS, 5
0x026B	0x1303      	BCF        STATUS, 6
0x026C	0x1008      	BCF        TRISD0_bit, BitPos(TRISD0_bit+0)
;problem3_code.c,30 :: 		Data    = 0;
0x026D	0x1283      	BCF        STATUS, 5
0x026E	0x1008      	BCF        RD0_bit, BitPos(RD0_bit+0)
;problem3_code.c,31 :: 		Delay_ms(25);
0x026F	0x3041      	MOVLW      65
0x0270	0x00FC      	MOVWF      R12
0x0271	0x30EE      	MOVLW      238
0x0272	0x00FD      	MOVWF      R13
L_StartSignal0:
0x0273	0x0BFD      	DECFSZ     R13, 1
0x0274	0x2A73      	GOTO       L_StartSignal0
0x0275	0x0BFC      	DECFSZ     R12, 1
0x0276	0x2A73      	GOTO       L_StartSignal0
0x0277	0x0000      	NOP
;problem3_code.c,32 :: 		Data    = 1;
0x0278	0x1408      	BSF        RD0_bit, BitPos(RD0_bit+0)
;problem3_code.c,33 :: 		Delay_us(30);
0x0279	0x3013      	MOVLW      19
0x027A	0x00FD      	MOVWF      R13
L_StartSignal1:
0x027B	0x0BFD      	DECFSZ     R13, 1
0x027C	0x2A7B      	GOTO       L_StartSignal1
0x027D	0x0000      	NOP
0x027E	0x0000      	NOP
;problem3_code.c,34 :: 		DataDir = 1;     // Data port is input
0x027F	0x1683      	BSF        STATUS, 5
0x0280	0x1408      	BSF        TRISD0_bit, BitPos(TRISD0_bit+0)
;problem3_code.c,35 :: 		}
L_end_StartSignal:
0x0281	0x0008      	RETURN
; end of _StartSignal
___CC2DW:
;__Lib_System.c,134 :: 		
;__Lib_System.c,137 :: 		
_CC2D_Loop1:
;__Lib_System.c,139 :: 		
0x0282	0x2102      	CALL       _____DoICP
0x0283	0x118A      	BCF        PCLATH, 3
0x0284	0x120A      	BCF        PCLATH, 4
;__Lib_System.c,141 :: 		
0x0285	0x0080      	MOVWF      INDF
;__Lib_System.c,142 :: 		
0x0286	0x0A84      	INCF       FSR, 1
;__Lib_System.c,143 :: 		
0x0287	0x0AB2      	INCF       ___DoICPAddr, 1
;__Lib_System.c,145 :: 		
0x0288	0x1903      	BTFSC      STATUS, 2
;__Lib_System.c,146 :: 		
0x0289	0x0AB3      	INCF       ___DoICPAddr+1, 1
;__Lib_System.c,147 :: 		
0x028A	0x03F0      	DECF       R0, 1
;__Lib_System.c,149 :: 		
0x028B	0x1D03      	BTFSS      STATUS, 2
;__Lib_System.c,150 :: 		
0x028C	0x2A82      	GOTO       _CC2D_Loop1
;__Lib_System.c,152 :: 		
L_end___CC2DW:
0x028D	0x0008      	RETURN
; end of ___CC2DW
_UART1_Init:
;__Lib_UART_c67.c,2 :: 		
;__Lib_UART_c67.c,5 :: 		
0x028E	0x1683      	BSF        STATUS, 5
0x028F	0x1303      	BCF        STATUS, 6
0x0290	0x1698      	BSF        TXSTA, 5
;__Lib_UART_c67.c,6 :: 		
0x0291	0x3090      	MOVLW      144
0x0292	0x1283      	BCF        STATUS, 5
0x0293	0x0098      	MOVWF      RCSTA
;__Lib_UART_c67.c,7 :: 		
0x0294	0x1683      	BSF        STATUS, 5
0x0295	0x1787      	BSF        TRISC7_bit, BitPos(TRISC7_bit+0)
;__Lib_UART_c67.c,8 :: 		
0x0296	0x1307      	BCF        TRISC6_bit, BitPos(TRISC6_bit+0)
;__Lib_UART_c67.c,10 :: 		
L_UART1_Init0:
0x0297	0x1283      	BCF        STATUS, 5
0x0298	0x1E8C      	BTFSS      PIR1, 5
0x0299	0x2A9D      	GOTO       L_UART1_Init1
;__Lib_UART_c67.c,11 :: 		
0x029A	0x081A      	MOVF       RCREG, 0
0x029B	0x00F0      	MOVWF      R0
0x029C	0x2A97      	GOTO       L_UART1_Init0
L_UART1_Init1:
;__Lib_UART_c67.c,12 :: 		
L_end_UART1_Init:
0x029D	0x0008      	RETURN
; end of _UART1_Init
_main:
0x029E	0x2462      	CALL       1122
;problem3_code.c,77 :: 		void main() {
;problem3_code.c,79 :: 		TRISB=0x00;
0x029F	0x1683      	BSF        STATUS, 5
0x02A0	0x1303      	BCF        STATUS, 6
0x02A1	0x0186      	CLRF       TRISB
;problem3_code.c,80 :: 		TRISA=0xff;
0x02A2	0x30FF      	MOVLW      255
0x02A3	0x0085      	MOVWF      TRISA
;problem3_code.c,81 :: 		TRISD.f0=0x00;
0x02A4	0x1008      	BCF        TRISD, 0
;problem3_code.c,82 :: 		TRISD.f6=0x00;
0x02A5	0x1308      	BCF        TRISD, 6
;problem3_code.c,83 :: 		TRISD.f7=0xff;
0x02A6	0x1788      	BSF        TRISD, 7
;problem3_code.c,84 :: 		PORTD=0x00;
0x02A7	0x1283      	BCF        STATUS, 5
0x02A8	0x0188      	CLRF       PORTD
;problem3_code.c,85 :: 		h=2;
0x02A9	0x3002      	MOVLW      2
0x02AA	0x1683      	BSF        STATUS, 5
0x02AB	0x00B4      	MOVWF      _h
0x02AC	0x3000      	MOVLW      0
0x02AD	0x00B5      	MOVWF      _h+1
;problem3_code.c,87 :: 		TRISD.f0 = 0b00000010;
0x02AE	0x1008      	BCF        TRISD, 0
;problem3_code.c,88 :: 		PORTD.f0 = 0;
0x02AF	0x1283      	BCF        STATUS, 5
0x02B0	0x1008      	BCF        PORTD, 0
;problem3_code.c,89 :: 		CMCON = 7;// comparator off
0x02B1	0x3007      	MOVLW      7
0x02B2	0x1683      	BSF        STATUS, 5
0x02B3	0x009C      	MOVWF      CMCON
;problem3_code.c,90 :: 		ADCON1 = 0x07;// ADC off
0x02B4	0x3007      	MOVLW      7
0x02B5	0x009F      	MOVWF      ADCON1
;problem3_code.c,92 :: 		INTCON.GIE = 1;    //Enable global interrupt
0x02B6	0x178B      	BSF        INTCON, 7
;problem3_code.c,93 :: 		INTCON.PEIE = 1;   //Enable peripheral interrupt
0x02B7	0x170B      	BSF        INTCON, 6
;problem3_code.c,95 :: 		PIE1.TMR2IE = 1;  // Enable Timer2 interrupt
0x02B8	0x148C      	BSF        PIE1, 1
;problem3_code.c,96 :: 		T2CON = 0;        // Prescaler 1:1, and Timer2 is off initially
0x02B9	0x1283      	BCF        STATUS, 5
0x02BA	0x0192      	CLRF       T2CON
;problem3_code.c,97 :: 		PIR1.TMR2IF =0;   // Clear TMR INT Flag bit
0x02BB	0x108C      	BCF        PIR1, 1
;problem3_code.c,98 :: 		TMR2 = 0;
0x02BC	0x0191      	CLRF       TMR2
;problem3_code.c,101 :: 		UART1_init(9600);
0x02BD	0x3033      	MOVLW      51
0x02BE	0x1683      	BSF        STATUS, 5
0x02BF	0x0099      	MOVWF      SPBRG
0x02C0	0x1518      	BSF        TXSTA, 2
0x02C1	0x228E      	CALL       _UART1_Init
;problem3_code.c,102 :: 		LCD_init();
0x02C2	0x221B      	CALL       _Lcd_Init
;problem3_code.c,104 :: 		LCD_cmd(_lcd_clear);
0x02C3	0x3001      	MOVLW      1
0x02C4	0x00D7      	MOVWF      FARG_Lcd_Cmd_out_char
0x02C5	0x2032      	CALL       _Lcd_Cmd
;problem3_code.c,105 :: 		LCD_cmd(_LCD_CURSOR_OFF);
0x02C6	0x300C      	MOVLW      12
0x02C7	0x1683      	BSF        STATUS, 5
0x02C8	0x00D7      	MOVWF      FARG_Lcd_Cmd_out_char
0x02C9	0x2032      	CALL       _Lcd_Cmd
;problem3_code.c,106 :: 		portd.f6=0;
0x02CA	0x1308      	BCF        PORTD, 6
;problem3_code.c,107 :: 		while(1){
L_main24:
0x02CB	0x1283      	BCF        STATUS, 5
;problem3_code.c,110 :: 		gas_value=portd.f7;
0x02CC	0x3000      	MOVLW      0
0x02CD	0x1B88      	BTFSC      PORTD, 7
0x02CE	0x3001      	MOVLW      1
0x02CF	0x1683      	BSF        STATUS, 5
0x02D0	0x00BA      	MOVWF      _gas_value
0x02D1	0x01BB      	CLRF       _gas_value+1
;problem3_code.c,111 :: 		IntToStr(gas_value,x);
0x02D2	0x083A      	MOVF       _gas_value, 0
0x02D3	0x00C9      	MOVWF      FARG_IntToStr_input
0x02D4	0x083B      	MOVF       _gas_value+1, 0
0x02D5	0x00CA      	MOVWF      FARG_IntToStr_input+1
0x02D6	0x30B6      	MOVLW      _x
0x02D7	0x00CB      	MOVWF      FARG_IntToStr_output
0x02D8	0x2181      	CALL       _IntToStr
;problem3_code.c,112 :: 		UART1_Write_text("Gas value= ");
0x02D9	0x302C      	MOVLW      ?lstr1_problem3_code
0x02DA	0x00C9      	MOVWF      FARG_UART1_Write_Text_uart_text
0x02DB	0x2129      	CALL       _UART1_Write_Text
;problem3_code.c,113 :: 		UART1_Write_text(x);
0x02DC	0x30B6      	MOVLW      _x
0x02DD	0x00C9      	MOVWF      FARG_UART1_Write_Text_uart_text
0x02DE	0x2129      	CALL       _UART1_Write_Text
;problem3_code.c,114 :: 		UART1_Write(13);
0x02DF	0x300D      	MOVLW      13
0x02E0	0x00D2      	MOVWF      FARG_UART1_Write_data_
0x02E1	0x20F8      	CALL       _UART1_Write
;problem3_code.c,115 :: 		if(portd.f7>=1)
0x02E2	0x01F1      	CLRF       R1
0x02E3	0x1B88      	BTFSC      PORTD, 7
0x02E4	0x0AF1      	INCF       R1, 1
0x02E5	0x3001      	MOVLW      1
0x02E6	0x0271      	SUBWF      R1, 0
0x02E7	0x1C03      	BTFSS      STATUS, 0
0x02E8	0x2AEB      	GOTO       L_main26
;problem3_code.c,117 :: 		portd.f6=1;
0x02E9	0x1708      	BSF        PORTD, 6
;problem3_code.c,118 :: 		}
0x02EA	0x2AEC      	GOTO       L_main27
L_main26:
;problem3_code.c,121 :: 		portd.f6=0;
0x02EB	0x1308      	BCF        PORTD, 6
;problem3_code.c,122 :: 		}
L_main27:
;problem3_code.c,129 :: 		PIE1.TMR2IE = 1;  // Enable Timer2 interrupt
0x02EC	0x1683      	BSF        STATUS, 5
0x02ED	0x148C      	BSF        PIE1, 1
;problem3_code.c,130 :: 		ADCON1 = 0x07; // all digital selected
0x02EE	0x3007      	MOVLW      7
0x02EF	0x009F      	MOVWF      ADCON1
;problem3_code.c,131 :: 		StartSignal();
0x02F0	0x226A      	CALL       _StartSignal
;problem3_code.c,132 :: 		check = CheckResponse();
0x02F1	0x2109      	CALL       _CheckResponse
;problem3_code.c,133 :: 		if (!check)
0x02F2	0x0870      	MOVF       R0, 0
0x02F3	0x1D03      	BTFSS      STATUS, 2
0x02F4	0x2B09      	GOTO       L_main28
;problem3_code.c,135 :: 		Lcd_Cmd(_LCD_CLEAR);
0x02F5	0x3001      	MOVLW      1
0x02F6	0x1683      	BSF        STATUS, 5
0x02F7	0x00D7      	MOVWF      FARG_Lcd_Cmd_out_char
0x02F8	0x2032      	CALL       _Lcd_Cmd
;problem3_code.c,136 :: 		Lcd_Out(1, 1, "No response");
0x02F9	0x3001      	MOVLW      1
0x02FA	0x1683      	BSF        STATUS, 5
0x02FB	0x00C9      	MOVWF      FARG_Lcd_Out_row
0x02FC	0x3001      	MOVLW      1
0x02FD	0x00CA      	MOVWF      FARG_Lcd_Out_column
0x02FE	0x3020      	MOVLW      ?lstr2_problem3_code
0x02FF	0x00CB      	MOVWF      FARG_Lcd_Out_text
0x0300	0x2140      	CALL       _Lcd_Out
;problem3_code.c,137 :: 		Lcd_Out(2, 1, "from the sensor");
0x0301	0x3002      	MOVLW      2
0x0302	0x00C9      	MOVWF      FARG_Lcd_Out_row
0x0303	0x3001      	MOVLW      1
0x0304	0x00CA      	MOVWF      FARG_Lcd_Out_column
0x0305	0x305B      	MOVLW      ?lstr3_problem3_code
0x0306	0x00CB      	MOVWF      FARG_Lcd_Out_text
0x0307	0x2140      	CALL       _Lcd_Out
;problem3_code.c,138 :: 		}
0x0308	0x2BEA      	GOTO       L_main29
L_main28:
;problem3_code.c,141 :: 		RH_Byte1 = ReadByte();
0x0309	0x21EB      	CALL       _ReadByte
0x030A	0x0870      	MOVF       R0, 0
0x030B	0x00C2      	MOVWF      _RH_Byte1
0x030C	0x01C3      	CLRF       _RH_Byte1+1
;problem3_code.c,142 :: 		RH_Byte2 = ReadByte();
0x030D	0x21EB      	CALL       _ReadByte
0x030E	0x0870      	MOVF       R0, 0
0x030F	0x00C0      	MOVWF      _RH_Byte2
0x0310	0x01C1      	CLRF       _RH_Byte2+1
;problem3_code.c,143 :: 		T_Byte1 = ReadByte();
0x0311	0x21EB      	CALL       _ReadByte
0x0312	0x0870      	MOVF       R0, 0
0x0313	0x00BE      	MOVWF      _T_Byte1
0x0314	0x01BF      	CLRF       _T_Byte1+1
;problem3_code.c,144 :: 		T_Byte2 = ReadByte();
0x0315	0x21EB      	CALL       _ReadByte
0x0316	0x0870      	MOVF       R0, 0
0x0317	0x00C4      	MOVWF      _T_Byte2
0x0318	0x01C5      	CLRF       _T_Byte2+1
;problem3_code.c,145 :: 		CheckSum = ReadByte();
0x0319	0x21EB      	CALL       _ReadByte
0x031A	0x0870      	MOVF       R0, 0
0x031B	0x00C6      	MOVWF      _CheckSum
;problem3_code.c,147 :: 		if (CheckSum == ((RH_Byte1 + RH_Byte2 + T_Byte1 + T_Byte2) & 0xFF))
0x031C	0x0840      	MOVF       _RH_Byte2, 0
0x031D	0x0742      	ADDWF      _RH_Byte1, 0
0x031E	0x00F1      	MOVWF      R1
0x031F	0x0843      	MOVF       _RH_Byte1+1, 0
0x0320	0x1803      	BTFSC      STATUS, 0
0x0321	0x3E01      	ADDLW      1
0x0322	0x0741      	ADDWF      _RH_Byte2+1, 0
0x0323	0x00F2      	MOVWF      R1+1
0x0324	0x083E      	MOVF       _T_Byte1, 0
0x0325	0x07F1      	ADDWF      R1, 1
0x0326	0x083F      	MOVF       _T_Byte1+1, 0
0x0327	0x1803      	BTFSC      STATUS, 0
0x0328	0x3E01      	ADDLW      1
0x0329	0x07F2      	ADDWF      R1+1, 1
0x032A	0x0844      	MOVF       _T_Byte2, 0
0x032B	0x07F1      	ADDWF      R1, 1
0x032C	0x0845      	MOVF       _T_Byte2+1, 0
0x032D	0x1803      	BTFSC      STATUS, 0
0x032E	0x3E01      	ADDLW      1
0x032F	0x07F2      	ADDWF      R1+1, 1
0x0330	0x30FF      	MOVLW      255
0x0331	0x0571      	ANDWF      R1, 0
0x0332	0x00F3      	MOVWF      R3
0x0333	0x0872      	MOVF       R1+1, 0
0x0334	0x00F4      	MOVWF      R3+1
0x0335	0x3000      	MOVLW      0
0x0336	0x05F4      	ANDWF      R3+1, 1
0x0337	0x3000      	MOVLW      0
0x0338	0x0674      	XORWF      R3+1, 0
0x0339	0x1D03      	BTFSS      STATUS, 2
0x033A	0x2B3D      	GOTO       L__main44
0x033B	0x0873      	MOVF       R3, 0
0x033C	0x0670      	XORWF      R0, 0
L__main44:
0x033D	0x1D03      	BTFSS      STATUS, 2
0x033E	0x2BD8      	GOTO       L_main30
;problem3_code.c,149 :: 		Lcd_Out(1,1,"HUMIDITY:");
0x033F	0x3001      	MOVLW      1
0x0340	0x00C9      	MOVWF      FARG_Lcd_Out_row
0x0341	0x3001      	MOVLW      1
0x0342	0x00CA      	MOVWF      FARG_Lcd_Out_column
0x0343	0x30A8      	MOVLW      ?lstr4_problem3_code
0x0344	0x00CB      	MOVWF      FARG_Lcd_Out_text
0x0345	0x2140      	CALL       _Lcd_Out
;problem3_code.c,150 :: 		Lcd_Out(2,1,"TEMP:");
0x0346	0x3002      	MOVLW      2
0x0347	0x00C9      	MOVWF      FARG_Lcd_Out_row
0x0348	0x3001      	MOVLW      1
0x0349	0x00CA      	MOVWF      FARG_Lcd_Out_column
0x034A	0x30A2      	MOVLW      ?lstr5_problem3_code
0x034B	0x00CB      	MOVWF      FARG_Lcd_Out_text
0x034C	0x2140      	CALL       _Lcd_Out
;problem3_code.c,152 :: 		message[0] = RH_Byte1/10 + 48;
0x034D	0x300A      	MOVLW      10
0x034E	0x00F4      	MOVWF      R4
0x034F	0x3000      	MOVLW      0
0x0350	0x00F5      	MOVWF      R4+1
0x0351	0x0842      	MOVF       _RH_Byte1, 0
0x0352	0x00F0      	MOVWF      R0
0x0353	0x0843      	MOVF       _RH_Byte1+1, 0
0x0354	0x00F1      	MOVWF      R0+1
0x0355	0x2090      	CALL       _Div_16X16_U
0x0356	0x3030      	MOVLW      48
0x0357	0x0770      	ADDWF      R0, 0
0x0358	0x00EB      	MOVWF      _message
;problem3_code.c,153 :: 		message[1] = RH_Byte1%10 + 48;
0x0359	0x300A      	MOVLW      10
0x035A	0x00F4      	MOVWF      R4
0x035B	0x3000      	MOVLW      0
0x035C	0x00F5      	MOVWF      R4+1
0x035D	0x1683      	BSF        STATUS, 5
0x035E	0x0842      	MOVF       _RH_Byte1, 0
0x035F	0x00F0      	MOVWF      R0
0x0360	0x0843      	MOVF       _RH_Byte1+1, 0
0x0361	0x00F1      	MOVWF      R0+1
0x0362	0x2090      	CALL       _Div_16X16_U
0x0363	0x0878      	MOVF       R8, 0
0x0364	0x00F0      	MOVWF      R0
0x0365	0x0879      	MOVF       R8+1, 0
0x0366	0x00F1      	MOVWF      R0+1
0x0367	0x3030      	MOVLW      48
0x0368	0x0770      	ADDWF      R0, 0
0x0369	0x00EC      	MOVWF      _message+1
;problem3_code.c,154 :: 		message[3] = RH_Byte2%10 + 48;
0x036A	0x300A      	MOVLW      10
0x036B	0x00F4      	MOVWF      R4
0x036C	0x3000      	MOVLW      0
0x036D	0x00F5      	MOVWF      R4+1
0x036E	0x1683      	BSF        STATUS, 5
0x036F	0x0840      	MOVF       _RH_Byte2, 0
0x0370	0x00F0      	MOVWF      R0
0x0371	0x0841      	MOVF       _RH_Byte2+1, 0
0x0372	0x00F1      	MOVWF      R0+1
0x0373	0x2090      	CALL       _Div_16X16_U
0x0374	0x0878      	MOVF       R8, 0
0x0375	0x00F0      	MOVWF      R0
0x0376	0x0879      	MOVF       R8+1, 0
0x0377	0x00F1      	MOVWF      R0+1
0x0378	0x3030      	MOVLW      48
0x0379	0x0770      	ADDWF      R0, 0
0x037A	0x00EE      	MOVWF      _message+3
;problem3_code.c,155 :: 		Lcd_Out(1,11, message);
0x037B	0x3001      	MOVLW      1
0x037C	0x1683      	BSF        STATUS, 5
0x037D	0x00C9      	MOVWF      FARG_Lcd_Out_row
0x037E	0x300B      	MOVLW      11
0x037F	0x00CA      	MOVWF      FARG_Lcd_Out_column
0x0380	0x306B      	MOVLW      _message
0x0381	0x00CB      	MOVWF      FARG_Lcd_Out_text
0x0382	0x2140      	CALL       _Lcd_Out
;problem3_code.c,156 :: 		Lcd_Out(1,16,"%");
0x0383	0x3001      	MOVLW      1
0x0384	0x00C9      	MOVWF      FARG_Lcd_Out_row
0x0385	0x3010      	MOVLW      16
0x0386	0x00CA      	MOVWF      FARG_Lcd_Out_column
0x0387	0x30A0      	MOVLW      ?lstr6_problem3_code
0x0388	0x00CB      	MOVWF      FARG_Lcd_Out_text
0x0389	0x2140      	CALL       _Lcd_Out
;problem3_code.c,158 :: 		message[0] = T_Byte1/10 + 48;
0x038A	0x300A      	MOVLW      10
0x038B	0x00F4      	MOVWF      R4
0x038C	0x3000      	MOVLW      0
0x038D	0x00F5      	MOVWF      R4+1
0x038E	0x083E      	MOVF       _T_Byte1, 0
0x038F	0x00F0      	MOVWF      R0
0x0390	0x083F      	MOVF       _T_Byte1+1, 0
0x0391	0x00F1      	MOVWF      R0+1
0x0392	0x2090      	CALL       _Div_16X16_U
0x0393	0x3030      	MOVLW      48
0x0394	0x0770      	ADDWF      R0, 0
0x0395	0x00EB      	MOVWF      _message
;problem3_code.c,159 :: 		message[1] = T_Byte1%10 + 48;
0x0396	0x300A      	MOVLW      10
0x0397	0x00F4      	MOVWF      R4
0x0398	0x3000      	MOVLW      0
0x0399	0x00F5      	MOVWF      R4+1
0x039A	0x1683      	BSF        STATUS, 5
0x039B	0x083E      	MOVF       _T_Byte1, 0
0x039C	0x00F0      	MOVWF      R0
0x039D	0x083F      	MOVF       _T_Byte1+1, 0
0x039E	0x00F1      	MOVWF      R0+1
0x039F	0x2090      	CALL       _Div_16X16_U
0x03A0	0x0878      	MOVF       R8, 0
0x03A1	0x00F0      	MOVWF      R0
0x03A2	0x0879      	MOVF       R8+1, 0
0x03A3	0x00F1      	MOVWF      R0+1
0x03A4	0x3030      	MOVLW      48
0x03A5	0x0770      	ADDWF      R0, 0
0x03A6	0x00EC      	MOVWF      _message+1
;problem3_code.c,160 :: 		message[3] = T_Byte2%10 + 48;
0x03A7	0x300A      	MOVLW      10
0x03A8	0x00F4      	MOVWF      R4
0x03A9	0x3000      	MOVLW      0
0x03AA	0x00F5      	MOVWF      R4+1
0x03AB	0x1683      	BSF        STATUS, 5
0x03AC	0x0844      	MOVF       _T_Byte2, 0
0x03AD	0x00F0      	MOVWF      R0
0x03AE	0x0845      	MOVF       _T_Byte2+1, 0
0x03AF	0x00F1      	MOVWF      R0+1
0x03B0	0x2090      	CALL       _Div_16X16_U
0x03B1	0x0878      	MOVF       R8, 0
0x03B2	0x00F0      	MOVWF      R0
0x03B3	0x0879      	MOVF       R8+1, 0
0x03B4	0x00F1      	MOVWF      R0+1
0x03B5	0x3030      	MOVLW      48
0x03B6	0x0770      	ADDWF      R0, 0
0x03B7	0x00EE      	MOVWF      _message+3
;problem3_code.c,161 :: 		Lcd_Out(2,11, message);
0x03B8	0x3002      	MOVLW      2
0x03B9	0x1683      	BSF        STATUS, 5
0x03BA	0x00C9      	MOVWF      FARG_Lcd_Out_row
0x03BB	0x300B      	MOVLW      11
0x03BC	0x00CA      	MOVWF      FARG_Lcd_Out_column
0x03BD	0x306B      	MOVLW      _message
0x03BE	0x00CB      	MOVWF      FARG_Lcd_Out_text
0x03BF	0x2140      	CALL       _Lcd_Out
;problem3_code.c,162 :: 		Lcd_Chr_CP(223);
0x03C0	0x30DF      	MOVLW      223
0x03C1	0x00D2      	MOVWF      FARG_Lcd_Chr_CP_out_char
0x03C2	0x20EF      	CALL       _Lcd_Chr_CP
;problem3_code.c,163 :: 		Lcd_Out(2,16,"C");
0x03C3	0x3002      	MOVLW      2
0x03C4	0x00C9      	MOVWF      FARG_Lcd_Out_row
0x03C5	0x3010      	MOVLW      16
0x03C6	0x00CA      	MOVWF      FARG_Lcd_Out_column
0x03C7	0x3059      	MOVLW      ?lstr7_problem3_code
0x03C8	0x00CB      	MOVWF      FARG_Lcd_Out_text
0x03C9	0x2140      	CALL       _Lcd_Out
;problem3_code.c,165 :: 		Delay_ms(2000);
0x03CA	0x3015      	MOVLW      21
0x03CB	0x00FB      	MOVWF      R11
0x03CC	0x304B      	MOVLW      75
0x03CD	0x00FC      	MOVWF      R12
0x03CE	0x30BE      	MOVLW      190
0x03CF	0x00FD      	MOVWF      R13
L_main31:
0x03D0	0x0BFD      	DECFSZ     R13, 1
0x03D1	0x2BD0      	GOTO       L_main31
0x03D2	0x0BFC      	DECFSZ     R12, 1
0x03D3	0x2BD0      	GOTO       L_main31
0x03D4	0x0BFB      	DECFSZ     R11, 1
0x03D5	0x2BD0      	GOTO       L_main31
0x03D6	0x0000      	NOP
;problem3_code.c,166 :: 		}
0x03D7	0x2BEA      	GOTO       L_main32
L_main30:
;problem3_code.c,169 :: 		Lcd_Cmd(_LCD_CLEAR);
0x03D8	0x3001      	MOVLW      1
0x03D9	0x00D7      	MOVWF      FARG_Lcd_Cmd_out_char
0x03DA	0x2032      	CALL       _Lcd_Cmd
;problem3_code.c,170 :: 		Lcd_Out(1, 1, "Checksum Error!");
0x03DB	0x3001      	MOVLW      1
0x03DC	0x1683      	BSF        STATUS, 5
0x03DD	0x00C9      	MOVWF      FARG_Lcd_Out_row
0x03DE	0x3001      	MOVLW      1
0x03DF	0x00CA      	MOVWF      FARG_Lcd_Out_column
0x03E0	0x3039      	MOVLW      ?lstr8_problem3_code
0x03E1	0x00CB      	MOVWF      FARG_Lcd_Out_text
0x03E2	0x2140      	CALL       _Lcd_Out
;problem3_code.c,171 :: 		Lcd_Out(2, 1, "Trying Again...");
0x03E3	0x3002      	MOVLW      2
0x03E4	0x00C9      	MOVWF      FARG_Lcd_Out_row
0x03E5	0x3001      	MOVLW      1
0x03E6	0x00CA      	MOVWF      FARG_Lcd_Out_column
0x03E7	0x3049      	MOVLW      ?lstr9_problem3_code
0x03E8	0x00CB      	MOVWF      FARG_Lcd_Out_text
0x03E9	0x2140      	CALL       _Lcd_Out
;problem3_code.c,172 :: 		}
L_main32:
;problem3_code.c,173 :: 		}
L_main29:
;problem3_code.c,174 :: 		PIE1.TMR2IE = 0;  // disable Timer2 interrupt
0x03EA	0x108C      	BCF        PIE1, 1
;problem3_code.c,176 :: 		delay_ms(1000);
0x03EB	0x300B      	MOVLW      11
0x03EC	0x00FB      	MOVWF      R11
0x03ED	0x3026      	MOVLW      38
0x03EE	0x00FC      	MOVWF      R12
0x03EF	0x305D      	MOVLW      93
0x03F0	0x00FD      	MOVWF      R13
L_main33:
0x03F1	0x0BFD      	DECFSZ     R13, 1
0x03F2	0x2BF1      	GOTO       L_main33
0x03F3	0x0BFC      	DECFSZ     R12, 1
0x03F4	0x2BF1      	GOTO       L_main33
0x03F5	0x0BFB      	DECFSZ     R11, 1
0x03F6	0x2BF1      	GOTO       L_main33
0x03F7	0x0000      	NOP
0x03F8	0x0000      	NOP
;problem3_code.c,177 :: 		}
0x03F9	0x2ACB      	GOTO       L_main24
;problem3_code.c,179 :: 		}
L_end_main:
0x03FA	0x2BFA      	GOTO       $+0
; end of _main
0x0462	0x3020      	MOVLW      32
0x0463	0x0084      	MOVWF      FSR
0x0464	0x3050      	MOVLW      80
0x0465	0x1283      	BCF        STATUS, 5
0x0466	0x1303      	BCF        STATUS, 6
0x0467	0x00F0      	MOVWF      R0
0x0468	0x3000      	MOVLW      0
0x0469	0x1683      	BSF        STATUS, 5
0x046A	0x00B2      	MOVWF      ___DoICPAddr
0x046B	0x3004      	MOVLW      4
0x046C	0x00B3      	MOVWF      179
0x046D	0x2282      	CALL       642
0x046E	0x30A0      	MOVLW      160
0x046F	0x0084      	MOVWF      FSR
0x0470	0x3012      	MOVLW      18
0x0471	0x1303      	BCF        STATUS, 6
0x0472	0x00F0      	MOVWF      R0
0x0473	0x3050      	MOVLW      80
0x0474	0x1683      	BSF        STATUS, 5
0x0475	0x00B2      	MOVWF      ___DoICPAddr
0x0476	0x3004      	MOVLW      4
0x0477	0x00B3      	MOVWF      179
0x0478	0x2282      	CALL       642
0x0479	0x0008      	RETURN
;problem3_code.c,0 :: ?ICS?lstr2_problem3_code
0x0400	0x344E ;?ICS?lstr2_problem3_code+0
0x0401	0x346F ;?ICS?lstr2_problem3_code+1
0x0402	0x3420 ;?ICS?lstr2_problem3_code+2
0x0403	0x3472 ;?ICS?lstr2_problem3_code+3
0x0404	0x3465 ;?ICS?lstr2_problem3_code+4
0x0405	0x3473 ;?ICS?lstr2_problem3_code+5
0x0406	0x3470 ;?ICS?lstr2_problem3_code+6
0x0407	0x346F ;?ICS?lstr2_problem3_code+7
0x0408	0x346E ;?ICS?lstr2_problem3_code+8
0x0409	0x3473 ;?ICS?lstr2_problem3_code+9
0x040A	0x3465 ;?ICS?lstr2_problem3_code+10
0x040B	0x3400 ;?ICS?lstr2_problem3_code+11
; end of ?ICS?lstr2_problem3_code
;problem3_code.c,0 :: ?ICS?lstr1_problem3_code
0x040C	0x3447 ;?ICS?lstr1_problem3_code+0
0x040D	0x3461 ;?ICS?lstr1_problem3_code+1
0x040E	0x3473 ;?ICS?lstr1_problem3_code+2
0x040F	0x3420 ;?ICS?lstr1_problem3_code+3
0x0410	0x3476 ;?ICS?lstr1_problem3_code+4
0x0411	0x3461 ;?ICS?lstr1_problem3_code+5
0x0412	0x346C ;?ICS?lstr1_problem3_code+6
0x0413	0x3475 ;?ICS?lstr1_problem3_code+7
0x0414	0x3465 ;?ICS?lstr1_problem3_code+8
0x0415	0x343D ;?ICS?lstr1_problem3_code+9
0x0416	0x3420 ;?ICS?lstr1_problem3_code+10
0x0417	0x3400 ;?ICS?lstr1_problem3_code+11
; end of ?ICS?lstr1_problem3_code
;problem3_code.c,0 :: ?ICS_TOUT
0x0418	0x3400 ;?ICS_TOUT+0
; end of ?ICS_TOUT
;problem3_code.c,0 :: ?ICS?lstr8_problem3_code
0x0419	0x3443 ;?ICS?lstr8_problem3_code+0
0x041A	0x3468 ;?ICS?lstr8_problem3_code+1
0x041B	0x3465 ;?ICS?lstr8_problem3_code+2
0x041C	0x3463 ;?ICS?lstr8_problem3_code+3
0x041D	0x346B ;?ICS?lstr8_problem3_code+4
0x041E	0x3473 ;?ICS?lstr8_problem3_code+5
0x041F	0x3475 ;?ICS?lstr8_problem3_code+6
0x0420	0x346D ;?ICS?lstr8_problem3_code+7
0x0421	0x3420 ;?ICS?lstr8_problem3_code+8
0x0422	0x3445 ;?ICS?lstr8_problem3_code+9
0x0423	0x3472 ;?ICS?lstr8_problem3_code+10
0x0424	0x3472 ;?ICS?lstr8_problem3_code+11
0x0425	0x346F ;?ICS?lstr8_problem3_code+12
0x0426	0x3472 ;?ICS?lstr8_problem3_code+13
0x0427	0x3421 ;?ICS?lstr8_problem3_code+14
0x0428	0x3400 ;?ICS?lstr8_problem3_code+15
; end of ?ICS?lstr8_problem3_code
;problem3_code.c,0 :: ?ICS?lstr9_problem3_code
0x0429	0x3454 ;?ICS?lstr9_problem3_code+0
0x042A	0x3472 ;?ICS?lstr9_problem3_code+1
0x042B	0x3479 ;?ICS?lstr9_problem3_code+2
0x042C	0x3469 ;?ICS?lstr9_problem3_code+3
0x042D	0x346E ;?ICS?lstr9_problem3_code+4
0x042E	0x3467 ;?ICS?lstr9_problem3_code+5
0x042F	0x3420 ;?ICS?lstr9_problem3_code+6
0x0430	0x3441 ;?ICS?lstr9_problem3_code+7
0x0431	0x3467 ;?ICS?lstr9_problem3_code+8
0x0432	0x3461 ;?ICS?lstr9_problem3_code+9
0x0433	0x3469 ;?ICS?lstr9_problem3_code+10
0x0434	0x346E ;?ICS?lstr9_problem3_code+11
0x0435	0x342E ;?ICS?lstr9_problem3_code+12
0x0436	0x342E ;?ICS?lstr9_problem3_code+13
0x0437	0x342E ;?ICS?lstr9_problem3_code+14
0x0438	0x3400 ;?ICS?lstr9_problem3_code+15
; end of ?ICS?lstr9_problem3_code
;problem3_code.c,0 :: ?ICS?lstr7_problem3_code
0x0439	0x3443 ;?ICS?lstr7_problem3_code+0
0x043A	0x3400 ;?ICS?lstr7_problem3_code+1
; end of ?ICS?lstr7_problem3_code
;problem3_code.c,0 :: ?ICS?lstr3_problem3_code
0x043B	0x3466 ;?ICS?lstr3_problem3_code+0
0x043C	0x3472 ;?ICS?lstr3_problem3_code+1
0x043D	0x346F ;?ICS?lstr3_problem3_code+2
0x043E	0x346D ;?ICS?lstr3_problem3_code+3
0x043F	0x3420 ;?ICS?lstr3_problem3_code+4
0x0440	0x3474 ;?ICS?lstr3_problem3_code+5
0x0441	0x3468 ;?ICS?lstr3_problem3_code+6
0x0442	0x3465 ;?ICS?lstr3_problem3_code+7
0x0443	0x3420 ;?ICS?lstr3_problem3_code+8
0x0444	0x3473 ;?ICS?lstr3_problem3_code+9
0x0445	0x3465 ;?ICS?lstr3_problem3_code+10
0x0446	0x346E ;?ICS?lstr3_problem3_code+11
0x0447	0x3473 ;?ICS?lstr3_problem3_code+12
0x0448	0x346F ;?ICS?lstr3_problem3_code+13
0x0449	0x3472 ;?ICS?lstr3_problem3_code+14
0x044A	0x3400 ;?ICS?lstr3_problem3_code+15
; end of ?ICS?lstr3_problem3_code
;problem3_code.c,0 :: ?ICS_message
0x044B	0x3430 ;?ICS_message+0
0x044C	0x3430 ;?ICS_message+1
0x044D	0x342E ;?ICS_message+2
0x044E	0x3430 ;?ICS_message+3
0x044F	0x3400 ;?ICS_message+4
; end of ?ICS_message
;problem3_code.c,0 :: ?ICS?lstr6_problem3_code
0x0450	0x3425 ;?ICS?lstr6_problem3_code+0
0x0451	0x3400 ;?ICS?lstr6_problem3_code+1
; end of ?ICS?lstr6_problem3_code
;problem3_code.c,0 :: ?ICS?lstr5_problem3_code
0x0452	0x3454 ;?ICS?lstr5_problem3_code+0
0x0453	0x3445 ;?ICS?lstr5_problem3_code+1
0x0454	0x344D ;?ICS?lstr5_problem3_code+2
0x0455	0x3450 ;?ICS?lstr5_problem3_code+3
0x0456	0x343A ;?ICS?lstr5_problem3_code+4
0x0457	0x3400 ;?ICS?lstr5_problem3_code+5
; end of ?ICS?lstr5_problem3_code
;problem3_code.c,0 :: ?ICS?lstr4_problem3_code
0x0458	0x3448 ;?ICS?lstr4_problem3_code+0
0x0459	0x3455 ;?ICS?lstr4_problem3_code+1
0x045A	0x344D ;?ICS?lstr4_problem3_code+2
0x045B	0x3449 ;?ICS?lstr4_problem3_code+3
0x045C	0x3444 ;?ICS?lstr4_problem3_code+4
0x045D	0x3449 ;?ICS?lstr4_problem3_code+5
0x045E	0x3454 ;?ICS?lstr4_problem3_code+6
0x045F	0x3459 ;?ICS?lstr4_problem3_code+7
0x0460	0x343A ;?ICS?lstr4_problem3_code+8
0x0461	0x3400 ;?ICS?lstr4_problem3_code+9
; end of ?ICS?lstr4_problem3_code
Symbol List:
//** Routines locations **
//ADDRESS    SIZE    PROCEDURE
//----------------------------------------------
0x0004      [23]    _Interrupt
0x001B       [7]    _Delay_50us
0x0022       [3]    _Delay_1us
0x0025      [13]    _Delay_5500us
0x0032      [94]    _Lcd_Cmd
0x0090      [29]    _Div_16X16_U
0x00AD      [66]    _WordToStr
0x00EF       [9]    _Lcd_Chr_CP
0x00F8      [10]    _UART1_Write
0x0102       [7]    _____DoICP
0x0109      [32]    _CheckResponse
0x0129      [23]    _UART1_Write_Text
0x0140      [65]    _Lcd_Out
0x0181     [106]    _IntToStr
0x01EB      [48]    _ReadByte
0x021B      [79]    _Lcd_Init
0x026A      [24]    _StartSignal
0x0282      [12]    ___CC2DW
0x028E      [16]    _UART1_Init
0x029E     [348]    _main
//** Variables locations ** 
//ADDRESS    SIZE    VARIABLE
//----------------------------------------------
0x0000       [1]    INDF
0x0002       [1]    PCL
0x0003       [1]    STATUS
0x0004       [1]    FSR
0x0006       [0]    LCD_D6
0x0006       [0]    LCD_D7
0x0006       [0]    LCD_D5
0x0006       [0]    LCD_RS
0x0006       [0]    LCD_EN
0x0006       [0]    LCD_D4
0x0006       [0]    RB1_bit
0x0006       [0]    RB5_bit
0x0006       [0]    RB0_bit
0x0006       [0]    RB2_bit
0x0006       [0]    RB3_bit
0x0006       [0]    RB4_bit
0x0008       [1]    PORTD
0x0008       [0]    Data
0x0008       [0]    RD0_bit
0x000A       [1]    PCLATH
0x000B       [1]    INTCON
0x000C       [1]    PIR1
0x0011       [1]    TMR2
0x0012       [1]    T2CON
0x0018       [1]    RCSTA
0x0019       [1]    TXREG
0x001A       [1]    RCREG
0x0020      [12]    ?lstr2_problem3_code
0x002C      [12]    ?lstr1_problem3_code
0x0038       [1]    _TOUT
0x0039      [16]    ?lstr8_problem3_code
0x0049      [16]    ?lstr9_problem3_code
0x0059       [2]    ?lstr7_problem3_code
0x005B      [16]    ?lstr3_problem3_code
0x006B       [5]    _message
0x0070       [1]    R0
0x0071       [1]    R1
0x0072       [1]    R2
0x0073       [1]    R3
0x0074       [1]    R4
0x0075       [1]    R5
0x0076       [1]    R6
0x0077       [1]    R7
0x0078       [1]    R8
0x0079       [1]    R9
0x007A       [1]    R10
0x007B       [1]    R11
0x007C       [1]    R12
0x007D       [1]    R13
0x007E       [1]    R14
0x007F       [1]    R15
0x0085       [1]    TRISA
0x0086       [0]    TRISB1_bit
0x0086       [0]    TRISB5_bit
0x0086       [0]    TRISB4_bit
0x0086       [1]    TRISB
0x0086       [0]    TRISB2_bit
0x0086       [0]    TRISB3_bit
0x0086       [0]    LCD_D4_Direction
0x0086       [0]    LCD_RS_Direction
0x0086       [0]    TRISB0_bit
0x0086       [0]    LCD_EN_Direction
0x0086       [0]    LCD_D6_Direction
0x0086       [0]    LCD_D7_Direction
0x0086       [0]    LCD_D5_Direction
0x0087       [0]    TRISC6_bit
0x0087       [0]    TRISC7_bit
0x0088       [0]    DataDir
0x0088       [0]    TRISD0_bit
0x0088       [1]    TRISD
0x008C       [1]    PIE1
0x0098       [1]    TXSTA
0x0099       [1]    SPBRG
0x009C       [1]    CMCON
0x009F       [1]    ADCON1
0x00A0       [2]    ?lstr6_problem3_code
0x00A2       [6]    ?lstr5_problem3_code
0x00A8      [10]    ?lstr4_problem3_code
0x00B2       [2]    ___DoICPAddr
0x00B4       [2]    _h
0x00B6       [4]    _x
0x00BA       [2]    _gas_value
0x00BC       [1]    _i
0x00BD       [0]    __Lib_Lcd_cmd_status
0x00BE       [2]    _T_Byte1
0x00C0       [2]    _RH_Byte2
0x00C2       [2]    _RH_Byte1
0x00C4       [2]    _T_Byte2
0x00C6       [1]    _CheckSum
0x00C7       [1]    ___saveSTATUS
0x00C8       [1]    ___savePCLATH
0x00C9       [1]    FARG_UART1_Write_Text_uart_text
0x00C9       [1]    FARG_Lcd_Out_row
0x00C9       [2]    FARG_IntToStr_input
0x00C9       [1]    ReadByte_num_L0
0x00CA       [1]    FARG_Lcd_Out_column
0x00CA       [1]    UART1_Write_Text_data__L0
0x00CB       [1]    FARG_IntToStr_output
0x00CB       [1]    UART1_Write_Text_counter_L0
0x00CB       [1]    FARG_Lcd_Out_text
0x00CC       [2]    IntToStr_i_L0
0x00CC       [1]    Lcd_Out_i_L0
0x00CE       [2]    IntToStr_negative_L0
0x00D0       [2]    IntToStr_inword_L0
0x00D2       [1]    FARG_UART1_Write_data_
0x00D2       [2]    FARG_WordToStr_input
0x00D2       [1]    FARG_Lcd_Chr_CP_out_char
0x00D4       [1]    FARG_WordToStr_output
0x00D5       [1]    WordToStr_len_L0
0x00D6       [1]    FLOC__WordToStr
0x00D7       [1]    FARG_Lcd_Cmd_out_char
//** Constants locations ** 
//ADDRESS    SIZE    CONSTANT
//----------------------------------------------
0x0400      [12]    ?ICS?lstr2_problem3_code
0x040C      [12]    ?ICS?lstr1_problem3_code
0x0418       [1]    ?ICS_TOUT
0x0419      [16]    ?ICS?lstr8_problem3_code
0x0429      [16]    ?ICS?lstr9_problem3_code
0x0439       [2]    ?ICS?lstr7_problem3_code
0x043B      [16]    ?ICS?lstr3_problem3_code
0x044B       [5]    ?ICS_message
0x0450       [2]    ?ICS?lstr6_problem3_code
0x0452       [6]    ?ICS?lstr5_problem3_code
0x0458      [10]    ?ICS?lstr4_problem3_code
